{"C:\\Users\\이유미\\Documents\\study\\jamie-cms\\jamie-cms\\server\\src\\app.js": {"path":"C:\\Users\\이유미\\Documents\\study\\jamie-cms\\jamie-cms\\server\\src\\app.js","statementMap":{"0":{"start":{"line":1,"column":16},"end":{"line":1,"column":34}},"1":{"start":{"line":2,"column":15},"end":{"line":2,"column":32}},"2":{"start":{"line":3,"column":13},"end":{"line":3,"column":28}},"3":{"start":{"line":5,"column":0},"end":{"line":5,"column":27}},"4":{"start":{"line":6,"column":19},"end":{"line":6,"column":68}},"5":{"start":{"line":8,"column":12},"end":{"line":8,"column":21}},"6":{"start":{"line":10,"column":0},"end":{"line":10,"column":18}},"7":{"start":{"line":11,"column":0},"end":{"line":14,"column":4}},"8":{"start":{"line":15,"column":0},"end":{"line":15,"column":24}},"9":{"start":{"line":17,"column":0},"end":{"line":17,"column":61}},"10":{"start":{"line":17,"column":33},"end":{"line":17,"column":59}},"11":{"start":{"line":18,"column":0},"end":{"line":18,"column":47}},"12":{"start":{"line":19,"column":0},"end":{"line":19,"column":49}},"13":{"start":{"line":20,"column":0},"end":{"line":20,"column":55}},"14":{"start":{"line":21,"column":0},"end":{"line":21,"column":55}},"15":{"start":{"line":22,"column":0},"end":{"line":22,"column":65}},"16":{"start":{"line":23,"column":0},"end":{"line":23,"column":49}},"17":{"start":{"line":24,"column":0},"end":{"line":24,"column":57}},"18":{"start":{"line":27,"column":0},"end":{"line":27,"column":68}},"19":{"start":{"line":27,"column":22},"end":{"line":27,"column":66}},"20":{"start":{"line":30,"column":0},"end":{"line":33,"column":3}},"21":{"start":{"line":31,"column":2},"end":{"line":31,"column":21}},"22":{"start":{"line":32,"column":2},"end":{"line":32,"column":88}},"23":{"start":{"line":35,"column":0},"end":{"line":35,"column":21}}},"fnMap":{"0":{"name":"(anonymous_0)","decl":{"start":{"line":17,"column":19},"end":{"line":17,"column":20}},"loc":{"start":{"line":17,"column":33},"end":{"line":17,"column":59}},"line":17},"1":{"name":"(anonymous_1)","decl":{"start":{"line":27,"column":8},"end":{"line":27,"column":9}},"loc":{"start":{"line":27,"column":22},"end":{"line":27,"column":66}},"line":27},"2":{"name":"(anonymous_2)","decl":{"start":{"line":30,"column":8},"end":{"line":30,"column":9}},"loc":{"start":{"line":30,"column":33},"end":{"line":33,"column":1}},"line":30}},"branchMap":{"0":{"loc":{"start":{"line":6,"column":19},"end":{"line":6,"column":68}},"type":"binary-expr","locations":[{"start":{"line":6,"column":19},"end":{"line":6,"column":41}},{"start":{"line":6,"column":45},"end":{"line":6,"column":68}}],"line":6},"1":{"loc":{"start":{"line":32,"column":13},"end":{"line":32,"column":30}},"type":"binary-expr","locations":[{"start":{"line":32,"column":13},"end":{"line":32,"column":23}},{"start":{"line":32,"column":27},"end":{"line":32,"column":30}}],"line":32},"2":{"loc":{"start":{"line":32,"column":46},"end":{"line":32,"column":84}},"type":"binary-expr","locations":[{"start":{"line":32,"column":46},"end":{"line":32,"column":57}},{"start":{"line":32,"column":61},"end":{"line":32,"column":84}}],"line":32}},"s":{"0":6,"1":6,"2":6,"3":6,"4":6,"5":6,"6":6,"7":6,"8":6,"9":6,"10":1,"11":6,"12":6,"13":6,"14":6,"15":6,"16":6,"17":6,"18":6,"19":0,"20":6,"21":0,"22":0,"23":6},"f":{"0":1,"1":0,"2":0},"b":{"0":[6,0],"1":[0,0],"2":[0,0]},"_coverageSchema":"1a1c01bbd47fc00a2c39e90264f33305004495a9","hash":"1a078577f25c6d3c22c3e540f22da5c1a0fd4efd"}
,"C:\\Users\\이유미\\Documents\\study\\jamie-cms\\jamie-cms\\server\\src\\config\\db.js": {"path":"C:\\Users\\이유미\\Documents\\study\\jamie-cms\\jamie-cms\\server\\src\\config\\db.js","statementMap":{"0":{"start":{"line":1,"column":17},"end":{"line":1,"column":30}},"1":{"start":{"line":3,"column":21},"end":{"line":3,"column":45}},"2":{"start":{"line":5,"column":0},"end":{"line":7,"column":1}},"3":{"start":{"line":6,"column":2},"end":{"line":6,"column":47}},"4":{"start":{"line":9,"column":13},"end":{"line":15,"column":2}},"5":{"start":{"line":17,"column":0},"end":{"line":20,"column":3}},"6":{"start":{"line":18,"column":2},"end":{"line":18,"column":41}},"7":{"start":{"line":19,"column":2},"end":{"line":19,"column":21}},"8":{"start":{"line":22,"column":0},"end":{"line":22,"column":22}}},"fnMap":{"0":{"name":"(anonymous_0)","decl":{"start":{"line":17,"column":17},"end":{"line":17,"column":18}},"loc":{"start":{"line":17,"column":26},"end":{"line":20,"column":1}},"line":17}},"branchMap":{"0":{"loc":{"start":{"line":5,"column":0},"end":{"line":7,"column":1}},"type":"if","locations":[{"start":{"line":5,"column":0},"end":{"line":7,"column":1}},{"start":{},"end":{}}],"line":5},"1":{"loc":{"start":{"line":11,"column":7},"end":{"line":11,"column":81}},"type":"cond-expr","locations":[{"start":{"line":11,"column":44},"end":{"line":11,"column":49}},{"start":{"line":11,"column":52},"end":{"line":11,"column":81}}],"line":11}},"s":{"0":7,"1":7,"2":7,"3":0,"4":7,"5":7,"6":0,"7":0,"8":7},"f":{"0":0},"b":{"0":[0,7],"1":[0,7]},"_coverageSchema":"1a1c01bbd47fc00a2c39e90264f33305004495a9","hash":"22736c3bd42b59725feafa4b4cb0557277f20c3b"}
,"C:\\Users\\이유미\\Documents\\study\\jamie-cms\\jamie-cms\\server\\src\\controllers\\accountsController.js": {"path":"C:\\Users\\이유미\\Documents\\study\\jamie-cms\\jamie-cms\\server\\src\\controllers\\accountsController.js","statementMap":{"0":{"start":{"line":1,"column":13},"end":{"line":1,"column":36}},"1":{"start":{"line":3,"column":20},"end":{"line":14,"column":1}},"2":{"start":{"line":4,"column":2},"end":{"line":13,"column":3}},"3":{"start":{"line":5,"column":19},"end":{"line":8,"column":5}},"4":{"start":{"line":9,"column":4},"end":{"line":9,"column":26}},"5":{"start":{"line":11,"column":4},"end":{"line":11,"column":23}},"6":{"start":{"line":12,"column":4},"end":{"line":12,"column":54}},"7":{"start":{"line":16,"column":22},"end":{"line":29,"column":1}},"8":{"start":{"line":17,"column":2},"end":{"line":28,"column":3}},"9":{"start":{"line":18,"column":21},"end":{"line":18,"column":29}},"10":{"start":{"line":19,"column":4},"end":{"line":19,"column":74}},"11":{"start":{"line":19,"column":15},"end":{"line":19,"column":74}},"12":{"start":{"line":20,"column":19},"end":{"line":23,"column":5}},"13":{"start":{"line":24,"column":4},"end":{"line":24,"column":41}},"14":{"start":{"line":26,"column":4},"end":{"line":26,"column":23}},"15":{"start":{"line":27,"column":4},"end":{"line":27,"column":54}},"16":{"start":{"line":31,"column":19},"end":{"line":46,"column":1}},"17":{"start":{"line":32,"column":2},"end":{"line":45,"column":3}},"18":{"start":{"line":33,"column":19},"end":{"line":33,"column":92}},"19":{"start":{"line":34,"column":20},"end":{"line":34,"column":34}},"20":{"start":{"line":35,"column":4},"end":{"line":35,"column":78}},"21":{"start":{"line":35,"column":18},"end":{"line":35,"column":78}},"22":{"start":{"line":36,"column":4},"end":{"line":36,"column":97}},"23":{"start":{"line":36,"column":45},"end":{"line":36,"column":97}},"24":{"start":{"line":37,"column":21},"end":{"line":40,"column":5}},"25":{"start":{"line":41,"column":4},"end":{"line":41,"column":58}},"26":{"start":{"line":43,"column":4},"end":{"line":43,"column":23}},"27":{"start":{"line":44,"column":4},"end":{"line":44,"column":54}},"28":{"start":{"line":48,"column":16},"end":{"line":78,"column":1}},"29":{"start":{"line":49,"column":2},"end":{"line":77,"column":3}},"30":{"start":{"line":50,"column":23},"end":{"line":50,"column":31}},"31":{"start":{"line":51,"column":4},"end":{"line":51,"column":89}},"32":{"start":{"line":51,"column":32},"end":{"line":51,"column":89}},"33":{"start":{"line":52,"column":17},"end":{"line":52,"column":90}},"34":{"start":{"line":53,"column":4},"end":{"line":53,"column":83}},"35":{"start":{"line":53,"column":23},"end":{"line":53,"column":83}},"36":{"start":{"line":54,"column":4},"end":{"line":54,"column":102}},"37":{"start":{"line":54,"column":50},"end":{"line":54,"column":102}},"38":{"start":{"line":55,"column":19},"end":{"line":55,"column":39}},"39":{"start":{"line":56,"column":4},"end":{"line":73,"column":5}},"40":{"start":{"line":57,"column":6},"end":{"line":57,"column":34}},"41":{"start":{"line":58,"column":22},"end":{"line":61,"column":7}},"42":{"start":{"line":62,"column":6},"end":{"line":65,"column":8}},"43":{"start":{"line":66,"column":6},"end":{"line":66,"column":35}},"44":{"start":{"line":67,"column":6},"end":{"line":67,"column":32}},"45":{"start":{"line":69,"column":6},"end":{"line":69,"column":37}},"46":{"start":{"line":70,"column":6},"end":{"line":70,"column":16}},"47":{"start":{"line":72,"column":6},"end":{"line":72,"column":23}},"48":{"start":{"line":75,"column":4},"end":{"line":75,"column":23}},"49":{"start":{"line":76,"column":4},"end":{"line":76,"column":54}},"50":{"start":{"line":80,"column":17},"end":{"line":111,"column":1}},"51":{"start":{"line":81,"column":2},"end":{"line":110,"column":3}},"52":{"start":{"line":82,"column":23},"end":{"line":82,"column":31}},"53":{"start":{"line":83,"column":4},"end":{"line":83,"column":89}},"54":{"start":{"line":83,"column":32},"end":{"line":83,"column":89}},"55":{"start":{"line":84,"column":17},"end":{"line":84,"column":90}},"56":{"start":{"line":85,"column":4},"end":{"line":85,"column":83}},"57":{"start":{"line":85,"column":23},"end":{"line":85,"column":83}},"58":{"start":{"line":86,"column":4},"end":{"line":86,"column":102}},"59":{"start":{"line":86,"column":50},"end":{"line":86,"column":102}},"60":{"start":{"line":87,"column":4},"end":{"line":87,"column":110}},"61":{"start":{"line":87,"column":47},"end":{"line":87,"column":110}},"62":{"start":{"line":88,"column":19},"end":{"line":88,"column":39}},"63":{"start":{"line":89,"column":4},"end":{"line":106,"column":5}},"64":{"start":{"line":90,"column":6},"end":{"line":90,"column":34}},"65":{"start":{"line":91,"column":22},"end":{"line":94,"column":7}},"66":{"start":{"line":95,"column":6},"end":{"line":98,"column":8}},"67":{"start":{"line":99,"column":6},"end":{"line":99,"column":35}},"68":{"start":{"line":100,"column":6},"end":{"line":100,"column":32}},"69":{"start":{"line":102,"column":6},"end":{"line":102,"column":37}},"70":{"start":{"line":103,"column":6},"end":{"line":103,"column":16}},"71":{"start":{"line":105,"column":6},"end":{"line":105,"column":23}},"72":{"start":{"line":108,"column":4},"end":{"line":108,"column":23}},"73":{"start":{"line":109,"column":4},"end":{"line":109,"column":54}},"74":{"start":{"line":113,"column":22},"end":{"line":131,"column":1}},"75":{"start":{"line":114,"column":2},"end":{"line":130,"column":3}},"76":{"start":{"line":115,"column":17},"end":{"line":115,"column":90}},"77":{"start":{"line":116,"column":4},"end":{"line":116,"column":83}},"78":{"start":{"line":116,"column":23},"end":{"line":116,"column":83}},"79":{"start":{"line":117,"column":4},"end":{"line":117,"column":102}},"80":{"start":{"line":117,"column":50},"end":{"line":117,"column":102}},"81":{"start":{"line":118,"column":17},"end":{"line":121,"column":5}},"82":{"start":{"line":122,"column":4},"end":{"line":124,"column":5}},"83":{"start":{"line":123,"column":6},"end":{"line":123,"column":96}},"84":{"start":{"line":125,"column":4},"end":{"line":125,"column":76}},"85":{"start":{"line":126,"column":4},"end":{"line":126,"column":27}},"86":{"start":{"line":128,"column":4},"end":{"line":128,"column":23}},"87":{"start":{"line":129,"column":4},"end":{"line":129,"column":54}},"88":{"start":{"line":133,"column":0},"end":{"line":133,"column":94}}},"fnMap":{"0":{"name":"(anonymous_0)","decl":{"start":{"line":3,"column":20},"end":{"line":3,"column":21}},"loc":{"start":{"line":3,"column":40},"end":{"line":14,"column":1}},"line":3},"1":{"name":"(anonymous_1)","decl":{"start":{"line":16,"column":22},"end":{"line":16,"column":23}},"loc":{"start":{"line":16,"column":42},"end":{"line":29,"column":1}},"line":16},"2":{"name":"(anonymous_2)","decl":{"start":{"line":31,"column":19},"end":{"line":31,"column":20}},"loc":{"start":{"line":31,"column":39},"end":{"line":46,"column":1}},"line":31},"3":{"name":"(anonymous_3)","decl":{"start":{"line":48,"column":16},"end":{"line":48,"column":17}},"loc":{"start":{"line":48,"column":36},"end":{"line":78,"column":1}},"line":48},"4":{"name":"(anonymous_4)","decl":{"start":{"line":80,"column":17},"end":{"line":80,"column":18}},"loc":{"start":{"line":80,"column":37},"end":{"line":111,"column":1}},"line":80},"5":{"name":"(anonymous_5)","decl":{"start":{"line":113,"column":22},"end":{"line":113,"column":23}},"loc":{"start":{"line":113,"column":42},"end":{"line":131,"column":1}},"line":113}},"branchMap":{"0":{"loc":{"start":{"line":19,"column":4},"end":{"line":19,"column":74}},"type":"if","locations":[{"start":{"line":19,"column":4},"end":{"line":19,"column":74}},{"start":{},"end":{}}],"line":19},"1":{"loc":{"start":{"line":35,"column":4},"end":{"line":35,"column":78}},"type":"if","locations":[{"start":{"line":35,"column":4},"end":{"line":35,"column":78}},{"start":{},"end":{}}],"line":35},"2":{"loc":{"start":{"line":36,"column":4},"end":{"line":36,"column":97}},"type":"if","locations":[{"start":{"line":36,"column":4},"end":{"line":36,"column":97}},{"start":{},"end":{}}],"line":36},"3":{"loc":{"start":{"line":51,"column":4},"end":{"line":51,"column":89}},"type":"if","locations":[{"start":{"line":51,"column":4},"end":{"line":51,"column":89}},{"start":{},"end":{}}],"line":51},"4":{"loc":{"start":{"line":51,"column":8},"end":{"line":51,"column":30}},"type":"binary-expr","locations":[{"start":{"line":51,"column":8},"end":{"line":51,"column":15}},{"start":{"line":51,"column":19},"end":{"line":51,"column":30}}],"line":51},"5":{"loc":{"start":{"line":53,"column":4},"end":{"line":53,"column":83}},"type":"if","locations":[{"start":{"line":53,"column":4},"end":{"line":53,"column":83}},{"start":{},"end":{}}],"line":53},"6":{"loc":{"start":{"line":54,"column":4},"end":{"line":54,"column":102}},"type":"if","locations":[{"start":{"line":54,"column":4},"end":{"line":54,"column":102}},{"start":{},"end":{}}],"line":54},"7":{"loc":{"start":{"line":83,"column":4},"end":{"line":83,"column":89}},"type":"if","locations":[{"start":{"line":83,"column":4},"end":{"line":83,"column":89}},{"start":{},"end":{}}],"line":83},"8":{"loc":{"start":{"line":83,"column":8},"end":{"line":83,"column":30}},"type":"binary-expr","locations":[{"start":{"line":83,"column":8},"end":{"line":83,"column":15}},{"start":{"line":83,"column":19},"end":{"line":83,"column":30}}],"line":83},"9":{"loc":{"start":{"line":85,"column":4},"end":{"line":85,"column":83}},"type":"if","locations":[{"start":{"line":85,"column":4},"end":{"line":85,"column":83}},{"start":{},"end":{}}],"line":85},"10":{"loc":{"start":{"line":86,"column":4},"end":{"line":86,"column":102}},"type":"if","locations":[{"start":{"line":86,"column":4},"end":{"line":86,"column":102}},{"start":{},"end":{}}],"line":86},"11":{"loc":{"start":{"line":87,"column":4},"end":{"line":87,"column":110}},"type":"if","locations":[{"start":{"line":87,"column":4},"end":{"line":87,"column":110}},{"start":{},"end":{}}],"line":87},"12":{"loc":{"start":{"line":116,"column":4},"end":{"line":116,"column":83}},"type":"if","locations":[{"start":{"line":116,"column":4},"end":{"line":116,"column":83}},{"start":{},"end":{}}],"line":116},"13":{"loc":{"start":{"line":117,"column":4},"end":{"line":117,"column":102}},"type":"if","locations":[{"start":{"line":117,"column":4},"end":{"line":117,"column":102}},{"start":{},"end":{}}],"line":117},"14":{"loc":{"start":{"line":122,"column":4},"end":{"line":124,"column":5}},"type":"if","locations":[{"start":{"line":122,"column":4},"end":{"line":124,"column":5}},{"start":{},"end":{}}],"line":122}},"s":{"0":6,"1":6,"2":1,"3":1,"4":1,"5":0,"6":0,"7":6,"8":2,"9":2,"10":2,"11":0,"12":2,"13":2,"14":0,"15":0,"16":6,"17":2,"18":2,"19":2,"20":2,"21":0,"22":2,"23":2,"24":0,"25":0,"26":0,"27":0,"28":6,"29":1,"30":1,"31":1,"32":0,"33":1,"34":1,"35":0,"36":1,"37":0,"38":1,"39":1,"40":1,"41":1,"42":1,"43":1,"44":1,"45":0,"46":0,"47":1,"48":0,"49":0,"50":6,"51":1,"52":1,"53":1,"54":0,"55":1,"56":1,"57":0,"58":1,"59":0,"60":1,"61":1,"62":0,"63":0,"64":0,"65":0,"66":0,"67":0,"68":0,"69":0,"70":0,"71":0,"72":0,"73":0,"74":6,"75":0,"76":0,"77":0,"78":0,"79":0,"80":0,"81":0,"82":0,"83":0,"84":0,"85":0,"86":0,"87":0,"88":6},"f":{"0":1,"1":2,"2":2,"3":1,"4":1,"5":0},"b":{"0":[0,2],"1":[0,2],"2":[2,0],"3":[0,1],"4":[1,1],"5":[0,1],"6":[0,1],"7":[0,1],"8":[1,1],"9":[0,1],"10":[0,1],"11":[1,0],"12":[0,0],"13":[0,0],"14":[0,0]},"_coverageSchema":"1a1c01bbd47fc00a2c39e90264f33305004495a9","hash":"06b6b35f36eace595eb907d80ae5953adcd404a3"}
,"C:\\Users\\이유미\\Documents\\study\\jamie-cms\\jamie-cms\\server\\src\\controllers\\adminController.js": {"path":"C:\\Users\\이유미\\Documents\\study\\jamie-cms\\jamie-cms\\server\\src\\controllers\\adminController.js","statementMap":{"0":{"start":{"line":1,"column":13},"end":{"line":1,"column":36}},"1":{"start":{"line":2,"column":25},"end":{"line":2,"column":58}},"2":{"start":{"line":4,"column":17},"end":{"line":14,"column":1}},"3":{"start":{"line":5,"column":2},"end":{"line":13,"column":3}},"4":{"start":{"line":6,"column":19},"end":{"line":8,"column":5}},"5":{"start":{"line":9,"column":4},"end":{"line":9,"column":26}},"6":{"start":{"line":11,"column":4},"end":{"line":11,"column":23}},"7":{"start":{"line":12,"column":4},"end":{"line":12,"column":54}},"8":{"start":{"line":16,"column":23},"end":{"line":32,"column":1}},"9":{"start":{"line":17,"column":2},"end":{"line":31,"column":3}},"10":{"start":{"line":18,"column":19},"end":{"line":26,"column":5}},"11":{"start":{"line":27,"column":4},"end":{"line":27,"column":26}},"12":{"start":{"line":29,"column":4},"end":{"line":29,"column":23}},"13":{"start":{"line":30,"column":4},"end":{"line":30,"column":54}},"14":{"start":{"line":34,"column":25},"end":{"line":42,"column":1}},"15":{"start":{"line":35,"column":2},"end":{"line":41,"column":3}},"16":{"start":{"line":36,"column":19},"end":{"line":36,"column":86}},"17":{"start":{"line":37,"column":4},"end":{"line":37,"column":26}},"18":{"start":{"line":39,"column":4},"end":{"line":39,"column":23}},"19":{"start":{"line":40,"column":4},"end":{"line":40,"column":54}},"20":{"start":{"line":44,"column":24},"end":{"line":53,"column":1}},"21":{"start":{"line":45,"column":2},"end":{"line":52,"column":3}},"22":{"start":{"line":46,"column":19},"end":{"line":46,"column":92}},"23":{"start":{"line":47,"column":4},"end":{"line":47,"column":85}},"24":{"start":{"line":47,"column":25},"end":{"line":47,"column":85}},"25":{"start":{"line":48,"column":4},"end":{"line":48,"column":29}},"26":{"start":{"line":50,"column":4},"end":{"line":50,"column":23}},"27":{"start":{"line":51,"column":4},"end":{"line":51,"column":54}},"28":{"start":{"line":55,"column":22},"end":{"line":70,"column":1}},"29":{"start":{"line":56,"column":2},"end":{"line":69,"column":3}},"30":{"start":{"line":57,"column":65},"end":{"line":57,"column":73}},"31":{"start":{"line":58,"column":4},"end":{"line":60,"column":5}},"32":{"start":{"line":59,"column":6},"end":{"line":59,"column":97}},"33":{"start":{"line":61,"column":19},"end":{"line":64,"column":5}},"34":{"start":{"line":65,"column":4},"end":{"line":65,"column":41}},"35":{"start":{"line":67,"column":4},"end":{"line":67,"column":23}},"36":{"start":{"line":68,"column":4},"end":{"line":68,"column":54}},"37":{"start":{"line":72,"column":22},"end":{"line":92,"column":1}},"38":{"start":{"line":73,"column":2},"end":{"line":91,"column":3}},"39":{"start":{"line":74,"column":76},"end":{"line":74,"column":84}},"40":{"start":{"line":75,"column":19},"end":{"line":85,"column":5}},"41":{"start":{"line":86,"column":4},"end":{"line":86,"column":85}},"42":{"start":{"line":86,"column":25},"end":{"line":86,"column":85}},"43":{"start":{"line":87,"column":4},"end":{"line":87,"column":29}},"44":{"start":{"line":89,"column":4},"end":{"line":89,"column":23}},"45":{"start":{"line":90,"column":4},"end":{"line":90,"column":54}},"46":{"start":{"line":94,"column":22},"end":{"line":106,"column":1}},"47":{"start":{"line":95,"column":2},"end":{"line":105,"column":3}},"48":{"start":{"line":96,"column":19},"end":{"line":99,"column":5}},"49":{"start":{"line":100,"column":4},"end":{"line":100,"column":85}},"50":{"start":{"line":100,"column":25},"end":{"line":100,"column":85}},"51":{"start":{"line":101,"column":4},"end":{"line":101,"column":27}},"52":{"start":{"line":103,"column":4},"end":{"line":103,"column":23}},"53":{"start":{"line":104,"column":4},"end":{"line":104,"column":54}},"54":{"start":{"line":108,"column":17},"end":{"line":134,"column":1}},"55":{"start":{"line":109,"column":2},"end":{"line":133,"column":3}},"56":{"start":{"line":110,"column":19},"end":{"line":117,"column":6}},"57":{"start":{"line":118,"column":56},"end":{"line":118,"column":70}},"58":{"start":{"line":119,"column":25},"end":{"line":119,"column":46}},"59":{"start":{"line":120,"column":22},"end":{"line":120,"column":40}},"60":{"start":{"line":121,"column":18},"end":{"line":121,"column":42}},"61":{"start":{"line":122,"column":24},"end":{"line":122,"column":88}},"62":{"start":{"line":123,"column":4},"end":{"line":129,"column":7}},"63":{"start":{"line":131,"column":4},"end":{"line":131,"column":23}},"64":{"start":{"line":132,"column":4},"end":{"line":132,"column":54}},"65":{"start":{"line":136,"column":18},"end":{"line":154,"column":1}},"66":{"start":{"line":137,"column":2},"end":{"line":153,"column":3}},"67":{"start":{"line":138,"column":19},"end":{"line":148,"column":6}},"68":{"start":{"line":149,"column":4},"end":{"line":149,"column":26}},"69":{"start":{"line":151,"column":4},"end":{"line":151,"column":23}},"70":{"start":{"line":152,"column":4},"end":{"line":152,"column":54}},"71":{"start":{"line":156,"column":21},"end":{"line":222,"column":1}},"72":{"start":{"line":157,"column":2},"end":{"line":221,"column":3}},"73":{"start":{"line":158,"column":22},"end":{"line":164,"column":5}},"74":{"start":{"line":165,"column":4},"end":{"line":165,"column":89}},"75":{"start":{"line":165,"column":28},"end":{"line":165,"column":89}},"76":{"start":{"line":167,"column":64},"end":{"line":167,"column":81}},"77":{"start":{"line":169,"column":26},"end":{"line":169,"column":103}},"78":{"start":{"line":170,"column":4},"end":{"line":170,"column":92}},"79":{"start":{"line":170,"column":32},"end":{"line":170,"column":92}},"80":{"start":{"line":171,"column":32},"end":{"line":171,"column":56}},"81":{"start":{"line":173,"column":19},"end":{"line":173,"column":39}},"82":{"start":{"line":174,"column":20},"end":{"line":174,"column":25}},"83":{"start":{"line":175,"column":4},"end":{"line":217,"column":5}},"84":{"start":{"line":176,"column":6},"end":{"line":176,"column":34}},"85":{"start":{"line":179,"column":19},"end":{"line":182,"column":7}},"86":{"start":{"line":183,"column":6},"end":{"line":183,"column":100}},"87":{"start":{"line":185,"column":6},"end":{"line":185,"column":59}},"88":{"start":{"line":185,"column":25},"end":{"line":185,"column":59}},"89":{"start":{"line":186,"column":6},"end":{"line":190,"column":7}},"90":{"start":{"line":187,"column":8},"end":{"line":187,"column":39}},"91":{"start":{"line":188,"column":8},"end":{"line":188,"column":25}},"92":{"start":{"line":189,"column":8},"end":{"line":189,"column":56}},"93":{"start":{"line":192,"column":6},"end":{"line":192,"column":107}},"94":{"start":{"line":193,"column":6},"end":{"line":193,"column":116}},"95":{"start":{"line":194,"column":6},"end":{"line":197,"column":8}},"96":{"start":{"line":198,"column":6},"end":{"line":201,"column":8}},"97":{"start":{"line":202,"column":6},"end":{"line":205,"column":8}},"98":{"start":{"line":207,"column":6},"end":{"line":207,"column":35}},"99":{"start":{"line":208,"column":6},"end":{"line":208,"column":23}},"100":{"start":{"line":209,"column":6},"end":{"line":209,"column":57}},"101":{"start":{"line":211,"column":6},"end":{"line":213,"column":7}},"102":{"start":{"line":212,"column":8},"end":{"line":212,"column":60}},"103":{"start":{"line":212,"column":14},"end":{"line":212,"column":45}},"104":{"start":{"line":214,"column":6},"end":{"line":214,"column":16}},"105":{"start":{"line":216,"column":6},"end":{"line":216,"column":23}},"106":{"start":{"line":219,"column":4},"end":{"line":219,"column":47}},"107":{"start":{"line":220,"column":4},"end":{"line":220,"column":57}},"108":{"start":{"line":224,"column":26},"end":{"line":233,"column":1}},"109":{"start":{"line":225,"column":14},"end":{"line":225,"column":51}},"110":{"start":{"line":226,"column":2},"end":{"line":232,"column":3}},"111":{"start":{"line":227,"column":4},"end":{"line":227,"column":28}},"112":{"start":{"line":228,"column":4},"end":{"line":228,"column":53}},"113":{"start":{"line":230,"column":4},"end":{"line":230,"column":59}},"114":{"start":{"line":231,"column":4},"end":{"line":231,"column":49}},"115":{"start":{"line":235,"column":0},"end":{"line":239,"column":2}}},"fnMap":{"0":{"name":"(anonymous_0)","decl":{"start":{"line":4,"column":17},"end":{"line":4,"column":18}},"loc":{"start":{"line":4,"column":37},"end":{"line":14,"column":1}},"line":4},"1":{"name":"(anonymous_1)","decl":{"start":{"line":16,"column":23},"end":{"line":16,"column":24}},"loc":{"start":{"line":16,"column":43},"end":{"line":32,"column":1}},"line":16},"2":{"name":"(anonymous_2)","decl":{"start":{"line":34,"column":25},"end":{"line":34,"column":26}},"loc":{"start":{"line":34,"column":45},"end":{"line":42,"column":1}},"line":34},"3":{"name":"(anonymous_3)","decl":{"start":{"line":44,"column":24},"end":{"line":44,"column":25}},"loc":{"start":{"line":44,"column":44},"end":{"line":53,"column":1}},"line":44},"4":{"name":"(anonymous_4)","decl":{"start":{"line":55,"column":22},"end":{"line":55,"column":23}},"loc":{"start":{"line":55,"column":42},"end":{"line":70,"column":1}},"line":55},"5":{"name":"(anonymous_5)","decl":{"start":{"line":72,"column":22},"end":{"line":72,"column":23}},"loc":{"start":{"line":72,"column":42},"end":{"line":92,"column":1}},"line":72},"6":{"name":"(anonymous_6)","decl":{"start":{"line":94,"column":22},"end":{"line":94,"column":23}},"loc":{"start":{"line":94,"column":42},"end":{"line":106,"column":1}},"line":94},"7":{"name":"(anonymous_7)","decl":{"start":{"line":108,"column":17},"end":{"line":108,"column":18}},"loc":{"start":{"line":108,"column":37},"end":{"line":134,"column":1}},"line":108},"8":{"name":"(anonymous_8)","decl":{"start":{"line":136,"column":18},"end":{"line":136,"column":19}},"loc":{"start":{"line":136,"column":38},"end":{"line":154,"column":1}},"line":136},"9":{"name":"(anonymous_9)","decl":{"start":{"line":156,"column":21},"end":{"line":156,"column":22}},"loc":{"start":{"line":156,"column":41},"end":{"line":222,"column":1}},"line":156},"10":{"name":"(anonymous_10)","decl":{"start":{"line":224,"column":26},"end":{"line":224,"column":27}},"loc":{"start":{"line":224,"column":46},"end":{"line":233,"column":1}},"line":224}},"branchMap":{"0":{"loc":{"start":{"line":47,"column":4},"end":{"line":47,"column":85}},"type":"if","locations":[{"start":{"line":47,"column":4},"end":{"line":47,"column":85}},{"start":{},"end":{}}],"line":47},"1":{"loc":{"start":{"line":58,"column":4},"end":{"line":60,"column":5}},"type":"if","locations":[{"start":{"line":58,"column":4},"end":{"line":60,"column":5}},{"start":{},"end":{}}],"line":58},"2":{"loc":{"start":{"line":58,"column":8},"end":{"line":58,"column":53}},"type":"binary-expr","locations":[{"start":{"line":58,"column":8},"end":{"line":58,"column":13}},{"start":{"line":58,"column":17},"end":{"line":58,"column":26}},{"start":{"line":58,"column":30},"end":{"line":58,"column":37}},{"start":{"line":58,"column":41},"end":{"line":58,"column":53}}],"line":58},"3":{"loc":{"start":{"line":86,"column":4},"end":{"line":86,"column":85}},"type":"if","locations":[{"start":{"line":86,"column":4},"end":{"line":86,"column":85}},{"start":{},"end":{}}],"line":86},"4":{"loc":{"start":{"line":100,"column":4},"end":{"line":100,"column":85}},"type":"if","locations":[{"start":{"line":100,"column":4},"end":{"line":100,"column":85}},{"start":{},"end":{}}],"line":100},"5":{"loc":{"start":{"line":122,"column":24},"end":{"line":122,"column":88}},"type":"cond-expr","locations":[{"start":{"line":122,"column":38},"end":{"line":122,"column":39}},{"start":{"line":122,"column":42},"end":{"line":122,"column":88}}],"line":122},"6":{"loc":{"start":{"line":165,"column":4},"end":{"line":165,"column":89}},"type":"if","locations":[{"start":{"line":165,"column":4},"end":{"line":165,"column":89}},{"start":{},"end":{}}],"line":165},"7":{"loc":{"start":{"line":170,"column":4},"end":{"line":170,"column":92}},"type":"if","locations":[{"start":{"line":170,"column":4},"end":{"line":170,"column":92}},{"start":{},"end":{}}],"line":170},"8":{"loc":{"start":{"line":185,"column":6},"end":{"line":185,"column":59}},"type":"if","locations":[{"start":{"line":185,"column":6},"end":{"line":185,"column":59}},{"start":{},"end":{}}],"line":185},"9":{"loc":{"start":{"line":186,"column":6},"end":{"line":190,"column":7}},"type":"if","locations":[{"start":{"line":186,"column":6},"end":{"line":190,"column":7}},{"start":{},"end":{}}],"line":186},"10":{"loc":{"start":{"line":211,"column":6},"end":{"line":213,"column":7}},"type":"if","locations":[{"start":{"line":211,"column":6},"end":{"line":213,"column":7}},{"start":{},"end":{}}],"line":211},"11":{"loc":{"start":{"line":225,"column":14},"end":{"line":225,"column":51}},"type":"binary-expr","locations":[{"start":{"line":225,"column":14},"end":{"line":225,"column":27}},{"start":{"line":225,"column":31},"end":{"line":225,"column":51}}],"line":225}},"s":{"0":6,"1":6,"2":6,"3":0,"4":0,"5":0,"6":0,"7":0,"8":6,"9":0,"10":0,"11":0,"12":0,"13":0,"14":6,"15":0,"16":0,"17":0,"18":0,"19":0,"20":6,"21":0,"22":0,"23":0,"24":0,"25":0,"26":0,"27":0,"28":6,"29":0,"30":0,"31":0,"32":0,"33":0,"34":0,"35":0,"36":0,"37":6,"38":0,"39":0,"40":0,"41":0,"42":0,"43":0,"44":0,"45":0,"46":6,"47":0,"48":0,"49":0,"50":0,"51":0,"52":0,"53":0,"54":6,"55":1,"56":1,"57":1,"58":1,"59":1,"60":1,"61":1,"62":1,"63":0,"64":0,"65":6,"66":2,"67":2,"68":2,"69":0,"70":0,"71":6,"72":2,"73":2,"74":2,"75":0,"76":2,"77":2,"78":2,"79":0,"80":2,"81":2,"82":2,"83":2,"84":2,"85":2,"86":2,"87":2,"88":0,"89":2,"90":1,"91":1,"92":1,"93":1,"94":1,"95":1,"96":1,"97":1,"98":1,"99":1,"100":1,"101":0,"102":0,"103":0,"104":0,"105":2,"106":0,"107":0,"108":6,"109":1,"110":1,"111":1,"112":1,"113":0,"114":0,"115":6},"f":{"0":0,"1":0,"2":0,"3":0,"4":0,"5":0,"6":0,"7":1,"8":2,"9":2,"10":1},"b":{"0":[0,0],"1":[0,0],"2":[0,0,0,0],"3":[0,0],"4":[0,0],"5":[0,1],"6":[0,2],"7":[0,2],"8":[0,2],"9":[1,1],"10":[0,0],"11":[1,0]},"_coverageSchema":"1a1c01bbd47fc00a2c39e90264f33305004495a9","hash":"82be5e1afa9efcf1f3f029f329ddfad3231ece8b"}
,"C:\\Users\\이유미\\Documents\\study\\jamie-cms\\jamie-cms\\server\\src\\controllers\\authController.js": {"path":"C:\\Users\\이유미\\Documents\\study\\jamie-cms\\jamie-cms\\server\\src\\controllers\\authController.js","statementMap":{"0":{"start":{"line":1,"column":14},"end":{"line":1,"column":30}},"1":{"start":{"line":2,"column":13},"end":{"line":2,"column":36}},"2":{"start":{"line":3,"column":88},"end":{"line":3,"column":111}},"3":{"start":{"line":5,"column":19},"end":{"line":13,"column":1}},"4":{"start":{"line":6,"column":50},"end":{"line":6,"column":61}},"5":{"start":{"line":7,"column":14},"end":{"line":7,"column":138}},"6":{"start":{"line":8,"column":2},"end":{"line":8,"column":46}},"7":{"start":{"line":9,"column":2},"end":{"line":11,"column":3}},"8":{"start":{"line":10,"column":4},"end":{"line":10,"column":78}},"9":{"start":{"line":12,"column":2},"end":{"line":12,"column":20}},"10":{"start":{"line":15,"column":22},"end":{"line":67,"column":1}},"11":{"start":{"line":16,"column":19},"end":{"line":16,"column":28}},"12":{"start":{"line":17,"column":21},"end":{"line":17,"column":43}},"13":{"start":{"line":18,"column":2},"end":{"line":66,"column":3}},"14":{"start":{"line":19,"column":21},"end":{"line":26,"column":6}},"15":{"start":{"line":27,"column":29},"end":{"line":27,"column":55}},"16":{"start":{"line":29,"column":20},"end":{"line":31,"column":6}},"17":{"start":{"line":32,"column":20},"end":{"line":32,"column":43}},"18":{"start":{"line":33,"column":21},"end":{"line":33,"column":76}},"19":{"start":{"line":34,"column":18},"end":{"line":34,"column":59}},"20":{"start":{"line":36,"column":19},"end":{"line":42,"column":5}},"21":{"start":{"line":43,"column":17},"end":{"line":43,"column":31}},"22":{"start":{"line":45,"column":20},"end":{"line":45,"column":56}},"23":{"start":{"line":46,"column":24},"end":{"line":46,"column":48}},"24":{"start":{"line":47,"column":25},"end":{"line":47,"column":50}},"25":{"start":{"line":49,"column":22},"end":{"line":49,"column":65}},"26":{"start":{"line":50,"column":4},"end":{"line":54,"column":6}},"27":{"start":{"line":56,"column":19},"end":{"line":56,"column":36}},"28":{"start":{"line":57,"column":21},"end":{"line":57,"column":59}},"29":{"start":{"line":58,"column":4},"end":{"line":58,"column":53}},"30":{"start":{"line":59,"column":4},"end":{"line":59,"column":66}},"31":{"start":{"line":60,"column":4},"end":{"line":60,"column":63}},"32":{"start":{"line":60,"column":21},"end":{"line":60,"column":54}},"33":{"start":{"line":62,"column":4},"end":{"line":62,"column":65}},"34":{"start":{"line":64,"column":4},"end":{"line":64,"column":47}},"35":{"start":{"line":65,"column":4},"end":{"line":65,"column":53}},"36":{"start":{"line":69,"column":22},"end":{"line":81,"column":1}},"37":{"start":{"line":70,"column":19},"end":{"line":70,"column":28}},"38":{"start":{"line":71,"column":2},"end":{"line":80,"column":3}},"39":{"start":{"line":72,"column":4},"end":{"line":76,"column":5}},"40":{"start":{"line":73,"column":21},"end":{"line":73,"column":47}},"41":{"start":{"line":74,"column":6},"end":{"line":74,"column":36}},"42":{"start":{"line":75,"column":6},"end":{"line":75,"column":30}},"43":{"start":{"line":77,"column":4},"end":{"line":77,"column":63}},"44":{"start":{"line":79,"column":4},"end":{"line":79,"column":54}},"45":{"start":{"line":83,"column":16},"end":{"line":123,"column":1}},"46":{"start":{"line":84,"column":27},"end":{"line":84,"column":35}},"47":{"start":{"line":85,"column":2},"end":{"line":85,"column":80}},"48":{"start":{"line":85,"column":21},"end":{"line":85,"column":80}},"49":{"start":{"line":87,"column":2},"end":{"line":122,"column":3}},"50":{"start":{"line":88,"column":20},"end":{"line":88,"column":52}},"51":{"start":{"line":90,"column":19},"end":{"line":94,"column":5}},"52":{"start":{"line":95,"column":4},"end":{"line":95,"column":100}},"53":{"start":{"line":95,"column":25},"end":{"line":95,"column":100}},"54":{"start":{"line":97,"column":27},"end":{"line":97,"column":90}},"55":{"start":{"line":98,"column":28},"end":{"line":98,"column":92}},"56":{"start":{"line":99,"column":22},"end":{"line":99,"column":65}},"57":{"start":{"line":101,"column":19},"end":{"line":101,"column":39}},"58":{"start":{"line":102,"column":4},"end":{"line":115,"column":5}},"59":{"start":{"line":103,"column":6},"end":{"line":103,"column":34}},"60":{"start":{"line":104,"column":6},"end":{"line":104,"column":102}},"61":{"start":{"line":105,"column":6},"end":{"line":108,"column":8}},"62":{"start":{"line":109,"column":6},"end":{"line":109,"column":35}},"63":{"start":{"line":111,"column":6},"end":{"line":111,"column":37}},"64":{"start":{"line":112,"column":6},"end":{"line":112,"column":18}},"65":{"start":{"line":114,"column":6},"end":{"line":114,"column":23}},"66":{"start":{"line":119,"column":4},"end":{"line":119,"column":77}},"67":{"start":{"line":121,"column":4},"end":{"line":121,"column":61}},"68":{"start":{"line":125,"column":15},"end":{"line":136,"column":1}},"69":{"start":{"line":126,"column":27},"end":{"line":126,"column":35}},"70":{"start":{"line":127,"column":2},"end":{"line":135,"column":3}},"71":{"start":{"line":128,"column":4},"end":{"line":130,"column":5}},"72":{"start":{"line":129,"column":6},"end":{"line":129,"column":86}},"73":{"start":{"line":131,"column":4},"end":{"line":131,"column":40}},"74":{"start":{"line":133,"column":4},"end":{"line":133,"column":23}},"75":{"start":{"line":134,"column":4},"end":{"line":134,"column":54}},"76":{"start":{"line":138,"column":17},"end":{"line":166,"column":1}},"77":{"start":{"line":139,"column":21},"end":{"line":139,"column":43}},"78":{"start":{"line":140,"column":2},"end":{"line":165,"column":3}},"79":{"start":{"line":141,"column":19},"end":{"line":147,"column":5}},"80":{"start":{"line":148,"column":17},"end":{"line":148,"column":31}},"81":{"start":{"line":150,"column":20},"end":{"line":150,"column":56}},"82":{"start":{"line":151,"column":24},"end":{"line":151,"column":48}},"83":{"start":{"line":152,"column":25},"end":{"line":152,"column":50}},"84":{"start":{"line":154,"column":19},"end":{"line":154,"column":36}},"85":{"start":{"line":155,"column":21},"end":{"line":155,"column":59}},"86":{"start":{"line":156,"column":4},"end":{"line":156,"column":53}},"87":{"start":{"line":157,"column":4},"end":{"line":157,"column":66}},"88":{"start":{"line":158,"column":4},"end":{"line":158,"column":63}},"89":{"start":{"line":158,"column":21},"end":{"line":158,"column":54}},"90":{"start":{"line":160,"column":4},"end":{"line":160,"column":56}},"91":{"start":{"line":161,"column":4},"end":{"line":161,"column":65}},"92":{"start":{"line":163,"column":4},"end":{"line":163,"column":43}},"93":{"start":{"line":164,"column":4},"end":{"line":164,"column":57}},"94":{"start":{"line":168,"column":0},"end":{"line":168,"column":89}}},"fnMap":{"0":{"name":"(anonymous_0)","decl":{"start":{"line":5,"column":19},"end":{"line":5,"column":20}},"loc":{"start":{"line":5,"column":33},"end":{"line":13,"column":1}},"line":5},"1":{"name":"(anonymous_1)","decl":{"start":{"line":15,"column":22},"end":{"line":15,"column":23}},"loc":{"start":{"line":15,"column":42},"end":{"line":67,"column":1}},"line":15},"2":{"name":"(anonymous_2)","decl":{"start":{"line":60,"column":15},"end":{"line":60,"column":16}},"loc":{"start":{"line":60,"column":21},"end":{"line":60,"column":54}},"line":60},"3":{"name":"(anonymous_3)","decl":{"start":{"line":69,"column":22},"end":{"line":69,"column":23}},"loc":{"start":{"line":69,"column":42},"end":{"line":81,"column":1}},"line":69},"4":{"name":"(anonymous_4)","decl":{"start":{"line":83,"column":16},"end":{"line":83,"column":17}},"loc":{"start":{"line":83,"column":36},"end":{"line":123,"column":1}},"line":83},"5":{"name":"(anonymous_5)","decl":{"start":{"line":125,"column":15},"end":{"line":125,"column":16}},"loc":{"start":{"line":125,"column":35},"end":{"line":136,"column":1}},"line":125},"6":{"name":"(anonymous_6)","decl":{"start":{"line":138,"column":17},"end":{"line":138,"column":18}},"loc":{"start":{"line":138,"column":37},"end":{"line":166,"column":1}},"line":138},"7":{"name":"(anonymous_7)","decl":{"start":{"line":158,"column":15},"end":{"line":158,"column":16}},"loc":{"start":{"line":158,"column":21},"end":{"line":158,"column":54}},"line":158}},"branchMap":{"0":{"loc":{"start":{"line":9,"column":2},"end":{"line":11,"column":3}},"type":"if","locations":[{"start":{"line":9,"column":2},"end":{"line":11,"column":3}},{"start":{},"end":{}}],"line":9},"1":{"loc":{"start":{"line":9,"column":6},"end":{"line":9,"column":45}},"type":"binary-expr","locations":[{"start":{"line":9,"column":6},"end":{"line":9,"column":22}},{"start":{"line":9,"column":26},"end":{"line":9,"column":45}}],"line":9},"2":{"loc":{"start":{"line":33,"column":21},"end":{"line":33,"column":76}},"type":"binary-expr","locations":[{"start":{"line":33,"column":21},"end":{"line":33,"column":66}},{"start":{"line":33,"column":70},"end":{"line":33,"column":76}}],"line":33},"3":{"loc":{"start":{"line":34,"column":18},"end":{"line":34,"column":59}},"type":"binary-expr","locations":[{"start":{"line":34,"column":18},"end":{"line":34,"column":51}},{"start":{"line":34,"column":55},"end":{"line":34,"column":59}}],"line":34},"4":{"loc":{"start":{"line":58,"column":23},"end":{"line":58,"column":52}},"type":"binary-expr","locations":[{"start":{"line":58,"column":23},"end":{"line":58,"column":39}},{"start":{"line":58,"column":43},"end":{"line":58,"column":52}}],"line":58},"5":{"loc":{"start":{"line":72,"column":4},"end":{"line":76,"column":5}},"type":"if","locations":[{"start":{"line":72,"column":4},"end":{"line":76,"column":5}},{"start":{},"end":{}}],"line":72},"6":{"loc":{"start":{"line":72,"column":8},"end":{"line":72,"column":54}},"type":"binary-expr","locations":[{"start":{"line":72,"column":8},"end":{"line":72,"column":24}},{"start":{"line":72,"column":28},"end":{"line":72,"column":54}}],"line":72},"7":{"loc":{"start":{"line":85,"column":2},"end":{"line":85,"column":80}},"type":"if","locations":[{"start":{"line":85,"column":2},"end":{"line":85,"column":80}},{"start":{},"end":{}}],"line":85},"8":{"loc":{"start":{"line":95,"column":4},"end":{"line":95,"column":100}},"type":"if","locations":[{"start":{"line":95,"column":4},"end":{"line":95,"column":100}},{"start":{},"end":{}}],"line":95},"9":{"loc":{"start":{"line":128,"column":4},"end":{"line":130,"column":5}},"type":"if","locations":[{"start":{"line":128,"column":4},"end":{"line":130,"column":5}},{"start":{},"end":{}}],"line":128},"10":{"loc":{"start":{"line":156,"column":23},"end":{"line":156,"column":52}},"type":"binary-expr","locations":[{"start":{"line":156,"column":23},"end":{"line":156,"column":39}},{"start":{"line":156,"column":43},"end":{"line":156,"column":52}}],"line":156}},"s":{"0":6,"1":6,"2":6,"3":6,"4":5,"5":5,"6":5,"7":5,"8":0,"9":5,"10":6,"11":0,"12":0,"13":0,"14":0,"15":0,"16":0,"17":0,"18":0,"19":0,"20":0,"21":0,"22":0,"23":0,"24":0,"25":0,"26":0,"27":0,"28":0,"29":0,"30":0,"31":0,"32":0,"33":0,"34":0,"35":0,"36":6,"37":0,"38":0,"39":0,"40":0,"41":0,"42":0,"43":0,"44":0,"45":6,"46":0,"47":0,"48":0,"49":0,"50":0,"51":0,"52":0,"53":0,"54":0,"55":0,"56":0,"57":0,"58":0,"59":0,"60":0,"61":0,"62":0,"63":0,"64":0,"65":0,"66":0,"67":0,"68":6,"69":0,"70":0,"71":0,"72":0,"73":0,"74":0,"75":0,"76":6,"77":0,"78":0,"79":0,"80":0,"81":0,"82":0,"83":0,"84":0,"85":0,"86":0,"87":0,"88":0,"89":0,"90":0,"91":0,"92":0,"93":0,"94":6},"f":{"0":5,"1":0,"2":0,"3":0,"4":0,"5":0,"6":0,"7":0},"b":{"0":[0,5],"1":[5,5],"2":[0,0],"3":[0,0],"4":[0,0],"5":[0,0],"6":[0,0],"7":[0,0],"8":[0,0],"9":[0,0],"10":[0,0]},"_coverageSchema":"1a1c01bbd47fc00a2c39e90264f33305004495a9","hash":"66052c51d811a5530d54e642ac96a1f829eaa2c2"}
,"C:\\Users\\이유미\\Documents\\study\\jamie-cms\\jamie-cms\\server\\src\\controllers\\productsController.js": {"path":"C:\\Users\\이유미\\Documents\\study\\jamie-cms\\jamie-cms\\server\\src\\controllers\\productsController.js","statementMap":{"0":{"start":{"line":1,"column":13},"end":{"line":1,"column":36}},"1":{"start":{"line":3,"column":20},"end":{"line":8,"column":1}},"2":{"start":{"line":4,"column":17},"end":{"line":6,"column":3}},"3":{"start":{"line":7,"column":2},"end":{"line":7,"column":24}},"4":{"start":{"line":10,"column":19},"end":{"line":17,"column":1}},"5":{"start":{"line":11,"column":17},"end":{"line":14,"column":3}},"6":{"start":{"line":15,"column":2},"end":{"line":15,"column":83}},"7":{"start":{"line":15,"column":23},"end":{"line":15,"column":83}},"8":{"start":{"line":16,"column":2},"end":{"line":16,"column":27}},"9":{"start":{"line":19,"column":0},"end":{"line":19,"column":45}}},"fnMap":{"0":{"name":"(anonymous_0)","decl":{"start":{"line":3,"column":20},"end":{"line":3,"column":21}},"loc":{"start":{"line":3,"column":40},"end":{"line":8,"column":1}},"line":3},"1":{"name":"(anonymous_1)","decl":{"start":{"line":10,"column":19},"end":{"line":10,"column":20}},"loc":{"start":{"line":10,"column":39},"end":{"line":17,"column":1}},"line":10}},"branchMap":{"0":{"loc":{"start":{"line":15,"column":2},"end":{"line":15,"column":83}},"type":"if","locations":[{"start":{"line":15,"column":2},"end":{"line":15,"column":83}},{"start":{},"end":{}}],"line":15}},"s":{"0":6,"1":6,"2":0,"3":0,"4":6,"5":0,"6":0,"7":0,"8":0,"9":6},"f":{"0":0,"1":0},"b":{"0":[0,0]},"_coverageSchema":"1a1c01bbd47fc00a2c39e90264f33305004495a9","hash":"3b11c79212642631e76adb08bc7441aa55fa2bb0"}
,"C:\\Users\\이유미\\Documents\\study\\jamie-cms\\jamie-cms\\server\\src\\controllers\\schedulerController.js": {"path":"C:\\Users\\이유미\\Documents\\study\\jamie-cms\\jamie-cms\\server\\src\\controllers\\schedulerController.js","statementMap":{"0":{"start":{"line":1,"column":25},"end":{"line":1,"column":58}},"1":{"start":{"line":3,"column":21},"end":{"line":18,"column":1}},"2":{"start":{"line":4,"column":17},"end":{"line":4,"column":50}},"3":{"start":{"line":5,"column":2},"end":{"line":7,"column":3}},"4":{"start":{"line":6,"column":4},"end":{"line":6,"column":59}},"5":{"start":{"line":9,"column":14},"end":{"line":9,"column":51}},"6":{"start":{"line":11,"column":2},"end":{"line":17,"column":3}},"7":{"start":{"line":12,"column":4},"end":{"line":12,"column":28}},"8":{"start":{"line":13,"column":4},"end":{"line":13,"column":53}},"9":{"start":{"line":15,"column":4},"end":{"line":15,"column":53}},"10":{"start":{"line":16,"column":4},"end":{"line":16,"column":49}},"11":{"start":{"line":20,"column":0},"end":{"line":20,"column":34}}},"fnMap":{"0":{"name":"(anonymous_0)","decl":{"start":{"line":3,"column":21},"end":{"line":3,"column":22}},"loc":{"start":{"line":3,"column":41},"end":{"line":18,"column":1}},"line":3}},"branchMap":{"0":{"loc":{"start":{"line":5,"column":2},"end":{"line":7,"column":3}},"type":"if","locations":[{"start":{"line":5,"column":2},"end":{"line":7,"column":3}},{"start":{},"end":{}}],"line":5},"1":{"loc":{"start":{"line":5,"column":6},"end":{"line":5,"column":56}},"type":"binary-expr","locations":[{"start":{"line":5,"column":6},"end":{"line":5,"column":13}},{"start":{"line":5,"column":17},"end":{"line":5,"column":56}}],"line":5},"2":{"loc":{"start":{"line":9,"column":14},"end":{"line":9,"column":51}},"type":"binary-expr","locations":[{"start":{"line":9,"column":14},"end":{"line":9,"column":27}},{"start":{"line":9,"column":31},"end":{"line":9,"column":51}}],"line":9}},"s":{"0":6,"1":6,"2":0,"3":0,"4":0,"5":0,"6":0,"7":0,"8":0,"9":0,"10":0,"11":6},"f":{"0":0},"b":{"0":[0,0],"1":[0,0],"2":[0,0]},"_coverageSchema":"1a1c01bbd47fc00a2c39e90264f33305004495a9","hash":"46c7326b74bba402cf1af1b70b2f3a0ec7c5afe7"}
,"C:\\Users\\이유미\\Documents\\study\\jamie-cms\\jamie-cms\\server\\src\\controllers\\subscriptionsController.js": {"path":"C:\\Users\\이유미\\Documents\\study\\jamie-cms\\jamie-cms\\server\\src\\controllers\\subscriptionsController.js","statementMap":{"0":{"start":{"line":1,"column":13},"end":{"line":1,"column":36}},"1":{"start":{"line":3,"column":25},"end":{"line":18,"column":1}},"2":{"start":{"line":4,"column":2},"end":{"line":17,"column":3}},"3":{"start":{"line":5,"column":19},"end":{"line":12,"column":5}},"4":{"start":{"line":13,"column":4},"end":{"line":13,"column":26}},"5":{"start":{"line":15,"column":4},"end":{"line":15,"column":23}},"6":{"start":{"line":16,"column":4},"end":{"line":16,"column":54}},"7":{"start":{"line":20,"column":27},"end":{"line":48,"column":1}},"8":{"start":{"line":21,"column":2},"end":{"line":47,"column":3}},"9":{"start":{"line":22,"column":39},"end":{"line":22,"column":47}},"10":{"start":{"line":23,"column":4},"end":{"line":25,"column":5}},"11":{"start":{"line":24,"column":6},"end":{"line":24,"column":87}},"12":{"start":{"line":26,"column":17},"end":{"line":26,"column":93}},"13":{"start":{"line":27,"column":4},"end":{"line":27,"column":83}},"14":{"start":{"line":27,"column":23},"end":{"line":27,"column":83}},"15":{"start":{"line":28,"column":4},"end":{"line":28,"column":102}},"16":{"start":{"line":28,"column":50},"end":{"line":28,"column":102}},"17":{"start":{"line":30,"column":17},"end":{"line":30,"column":109}},"18":{"start":{"line":31,"column":4},"end":{"line":31,"column":83}},"19":{"start":{"line":31,"column":23},"end":{"line":31,"column":83}},"20":{"start":{"line":33,"column":16},"end":{"line":36,"column":5}},"21":{"start":{"line":37,"column":4},"end":{"line":37,"column":90}},"22":{"start":{"line":37,"column":29},"end":{"line":37,"column":90}},"23":{"start":{"line":39,"column":19},"end":{"line":42,"column":5}},"24":{"start":{"line":43,"column":4},"end":{"line":43,"column":41}},"25":{"start":{"line":45,"column":4},"end":{"line":45,"column":23}},"26":{"start":{"line":46,"column":4},"end":{"line":46,"column":54}},"27":{"start":{"line":50,"column":27},"end":{"line":69,"column":1}},"28":{"start":{"line":51,"column":2},"end":{"line":68,"column":3}},"29":{"start":{"line":52,"column":23},"end":{"line":52,"column":31}},"30":{"start":{"line":53,"column":4},"end":{"line":55,"column":5}},"31":{"start":{"line":54,"column":6},"end":{"line":54,"column":63}},"32":{"start":{"line":56,"column":16},"end":{"line":56,"column":94}},"33":{"start":{"line":57,"column":4},"end":{"line":57,"column":74}},"34":{"start":{"line":57,"column":22},"end":{"line":57,"column":74}},"35":{"start":{"line":58,"column":4},"end":{"line":58,"column":101}},"36":{"start":{"line":58,"column":49},"end":{"line":58,"column":101}},"37":{"start":{"line":60,"column":19},"end":{"line":63,"column":5}},"38":{"start":{"line":64,"column":4},"end":{"line":64,"column":29}},"39":{"start":{"line":66,"column":4},"end":{"line":66,"column":23}},"40":{"start":{"line":67,"column":4},"end":{"line":67,"column":54}},"41":{"start":{"line":71,"column":27},"end":{"line":86,"column":1}},"42":{"start":{"line":72,"column":2},"end":{"line":85,"column":3}},"43":{"start":{"line":73,"column":16},"end":{"line":73,"column":94}},"44":{"start":{"line":74,"column":4},"end":{"line":74,"column":74}},"45":{"start":{"line":74,"column":22},"end":{"line":74,"column":74}},"46":{"start":{"line":75,"column":4},"end":{"line":75,"column":101}},"47":{"start":{"line":75,"column":49},"end":{"line":75,"column":101}},"48":{"start":{"line":77,"column":19},"end":{"line":80,"column":5}},"49":{"start":{"line":81,"column":4},"end":{"line":81,"column":29}},"50":{"start":{"line":83,"column":4},"end":{"line":83,"column":23}},"51":{"start":{"line":84,"column":4},"end":{"line":84,"column":54}},"52":{"start":{"line":88,"column":0},"end":{"line":88,"column":98}}},"fnMap":{"0":{"name":"(anonymous_0)","decl":{"start":{"line":3,"column":25},"end":{"line":3,"column":26}},"loc":{"start":{"line":3,"column":45},"end":{"line":18,"column":1}},"line":3},"1":{"name":"(anonymous_1)","decl":{"start":{"line":20,"column":27},"end":{"line":20,"column":28}},"loc":{"start":{"line":20,"column":47},"end":{"line":48,"column":1}},"line":20},"2":{"name":"(anonymous_2)","decl":{"start":{"line":50,"column":27},"end":{"line":50,"column":28}},"loc":{"start":{"line":50,"column":47},"end":{"line":69,"column":1}},"line":50},"3":{"name":"(anonymous_3)","decl":{"start":{"line":71,"column":27},"end":{"line":71,"column":28}},"loc":{"start":{"line":71,"column":47},"end":{"line":86,"column":1}},"line":71}},"branchMap":{"0":{"loc":{"start":{"line":23,"column":4},"end":{"line":25,"column":5}},"type":"if","locations":[{"start":{"line":23,"column":4},"end":{"line":25,"column":5}},{"start":{},"end":{}}],"line":23},"1":{"loc":{"start":{"line":23,"column":8},"end":{"line":23,"column":34}},"type":"binary-expr","locations":[{"start":{"line":23,"column":8},"end":{"line":23,"column":19}},{"start":{"line":23,"column":23},"end":{"line":23,"column":34}}],"line":23},"2":{"loc":{"start":{"line":27,"column":4},"end":{"line":27,"column":83}},"type":"if","locations":[{"start":{"line":27,"column":4},"end":{"line":27,"column":83}},{"start":{},"end":{}}],"line":27},"3":{"loc":{"start":{"line":28,"column":4},"end":{"line":28,"column":102}},"type":"if","locations":[{"start":{"line":28,"column":4},"end":{"line":28,"column":102}},{"start":{},"end":{}}],"line":28},"4":{"loc":{"start":{"line":31,"column":4},"end":{"line":31,"column":83}},"type":"if","locations":[{"start":{"line":31,"column":4},"end":{"line":31,"column":83}},{"start":{},"end":{}}],"line":31},"5":{"loc":{"start":{"line":37,"column":4},"end":{"line":37,"column":90}},"type":"if","locations":[{"start":{"line":37,"column":4},"end":{"line":37,"column":90}},{"start":{},"end":{}}],"line":37},"6":{"loc":{"start":{"line":53,"column":4},"end":{"line":55,"column":5}},"type":"if","locations":[{"start":{"line":53,"column":4},"end":{"line":55,"column":5}},{"start":{},"end":{}}],"line":53},"7":{"loc":{"start":{"line":57,"column":4},"end":{"line":57,"column":74}},"type":"if","locations":[{"start":{"line":57,"column":4},"end":{"line":57,"column":74}},{"start":{},"end":{}}],"line":57},"8":{"loc":{"start":{"line":58,"column":4},"end":{"line":58,"column":101}},"type":"if","locations":[{"start":{"line":58,"column":4},"end":{"line":58,"column":101}},{"start":{},"end":{}}],"line":58},"9":{"loc":{"start":{"line":74,"column":4},"end":{"line":74,"column":74}},"type":"if","locations":[{"start":{"line":74,"column":4},"end":{"line":74,"column":74}},{"start":{},"end":{}}],"line":74},"10":{"loc":{"start":{"line":75,"column":4},"end":{"line":75,"column":101}},"type":"if","locations":[{"start":{"line":75,"column":4},"end":{"line":75,"column":101}},{"start":{},"end":{}}],"line":75}},"s":{"0":6,"1":6,"2":1,"3":1,"4":1,"5":0,"6":0,"7":6,"8":1,"9":1,"10":1,"11":0,"12":1,"13":1,"14":0,"15":1,"16":0,"17":1,"18":1,"19":0,"20":1,"21":1,"22":0,"23":1,"24":1,"25":0,"26":0,"27":6,"28":1,"29":1,"30":1,"31":0,"32":1,"33":1,"34":0,"35":1,"36":0,"37":1,"38":1,"39":0,"40":0,"41":6,"42":1,"43":1,"44":1,"45":0,"46":1,"47":0,"48":1,"49":1,"50":0,"51":0,"52":6},"f":{"0":1,"1":1,"2":1,"3":1},"b":{"0":[0,1],"1":[1,1],"2":[0,1],"3":[0,1],"4":[0,1],"5":[0,1],"6":[0,1],"7":[0,1],"8":[0,1],"9":[0,1],"10":[0,1]},"_coverageSchema":"1a1c01bbd47fc00a2c39e90264f33305004495a9","hash":"e17c9939c69e9ea91a74d485675fe563417ce467"}
,"C:\\Users\\이유미\\Documents\\study\\jamie-cms\\jamie-cms\\server\\src\\controllers\\usersController.js": {"path":"C:\\Users\\이유미\\Documents\\study\\jamie-cms\\jamie-cms\\server\\src\\controllers\\usersController.js","statementMap":{"0":{"start":{"line":1,"column":13},"end":{"line":1,"column":36}},"1":{"start":{"line":3,"column":14},"end":{"line":10,"column":1}},"2":{"start":{"line":4,"column":17},"end":{"line":7,"column":3}},"3":{"start":{"line":8,"column":2},"end":{"line":8,"column":80}},"4":{"start":{"line":8,"column":23},"end":{"line":8,"column":80}},"5":{"start":{"line":9,"column":2},"end":{"line":9,"column":27}},"6":{"start":{"line":12,"column":17},"end":{"line":20,"column":1}},"7":{"start":{"line":13,"column":23},"end":{"line":13,"column":31}},"8":{"start":{"line":14,"column":2},"end":{"line":14,"column":80}},"9":{"start":{"line":14,"column":17},"end":{"line":14,"column":80}},"10":{"start":{"line":15,"column":17},"end":{"line":18,"column":3}},"11":{"start":{"line":19,"column":2},"end":{"line":19,"column":27}},"12":{"start":{"line":22,"column":0},"end":{"line":22,"column":37}}},"fnMap":{"0":{"name":"(anonymous_0)","decl":{"start":{"line":3,"column":14},"end":{"line":3,"column":15}},"loc":{"start":{"line":3,"column":34},"end":{"line":10,"column":1}},"line":3},"1":{"name":"(anonymous_1)","decl":{"start":{"line":12,"column":17},"end":{"line":12,"column":18}},"loc":{"start":{"line":12,"column":37},"end":{"line":20,"column":1}},"line":12}},"branchMap":{"0":{"loc":{"start":{"line":8,"column":2},"end":{"line":8,"column":80}},"type":"if","locations":[{"start":{"line":8,"column":2},"end":{"line":8,"column":80}},{"start":{},"end":{}}],"line":8},"1":{"loc":{"start":{"line":14,"column":2},"end":{"line":14,"column":80}},"type":"if","locations":[{"start":{"line":14,"column":2},"end":{"line":14,"column":80}},{"start":{},"end":{}}],"line":14}},"s":{"0":6,"1":6,"2":0,"3":0,"4":0,"5":0,"6":6,"7":0,"8":0,"9":0,"10":0,"11":0,"12":6},"f":{"0":0,"1":0},"b":{"0":[0,0],"1":[0,0]},"_coverageSchema":"1a1c01bbd47fc00a2c39e90264f33305004495a9","hash":"dee1085edf11b679fad4fab8fb7e4a4813d5370f"}
,"C:\\Users\\이유미\\Documents\\study\\jamie-cms\\jamie-cms\\server\\src\\middleware\\authenticate.js": {"path":"C:\\Users\\이유미\\Documents\\study\\jamie-cms\\jamie-cms\\server\\src\\middleware\\authenticate.js","statementMap":{"0":{"start":{"line":1,"column":30},"end":{"line":1,"column":53}},"1":{"start":{"line":3,"column":0},"end":{"line":15,"column":2}},"2":{"start":{"line":4,"column":15},"end":{"line":4,"column":40}},"3":{"start":{"line":5,"column":2},"end":{"line":7,"column":3}},"4":{"start":{"line":6,"column":4},"end":{"line":6,"column":64}},"5":{"start":{"line":8,"column":2},"end":{"line":14,"column":3}},"6":{"start":{"line":9,"column":20},"end":{"line":9,"column":57}},"7":{"start":{"line":10,"column":4},"end":{"line":10,"column":23}},"8":{"start":{"line":11,"column":4},"end":{"line":11,"column":11}},"9":{"start":{"line":13,"column":4},"end":{"line":13,"column":64}}},"fnMap":{"0":{"name":"(anonymous_0)","decl":{"start":{"line":3,"column":17},"end":{"line":3,"column":18}},"loc":{"start":{"line":3,"column":37},"end":{"line":15,"column":1}},"line":3}},"branchMap":{"0":{"loc":{"start":{"line":5,"column":2},"end":{"line":7,"column":3}},"type":"if","locations":[{"start":{"line":5,"column":2},"end":{"line":7,"column":3}},{"start":{},"end":{}}],"line":5}},"s":{"0":6,"1":6,"2":22,"3":22,"4":1,"5":21,"6":21,"7":20,"8":20,"9":1},"f":{"0":22},"b":{"0":[1,21]},"_coverageSchema":"1a1c01bbd47fc00a2c39e90264f33305004495a9","hash":"9d12d901b0000144f72da4d508f129275591c4a9"}
,"C:\\Users\\이유미\\Documents\\study\\jamie-cms\\jamie-cms\\server\\src\\middleware\\rateLimiter.js": {"path":"C:\\Users\\이유미\\Documents\\study\\jamie-cms\\jamie-cms\\server\\src\\middleware\\rateLimiter.js","statementMap":{"0":{"start":{"line":1,"column":18},"end":{"line":1,"column":47}},"1":{"start":{"line":3,"column":21},"end":{"line":9,"column":2}},"2":{"start":{"line":11,"column":0},"end":{"line":11,"column":34}}},"fnMap":{},"branchMap":{},"s":{"0":6,"1":6,"2":6},"f":{},"b":{},"_coverageSchema":"1a1c01bbd47fc00a2c39e90264f33305004495a9","hash":"3498d04ab802a91d96c0d446bc8b43cc1e7d5217"}
,"C:\\Users\\이유미\\Documents\\study\\jamie-cms\\jamie-cms\\server\\src\\middleware\\requireAdmin.js": {"path":"C:\\Users\\이유미\\Documents\\study\\jamie-cms\\jamie-cms\\server\\src\\middleware\\requireAdmin.js","statementMap":{"0":{"start":{"line":1,"column":0},"end":{"line":6,"column":2}},"1":{"start":{"line":2,"column":2},"end":{"line":4,"column":3}},"2":{"start":{"line":3,"column":4},"end":{"line":3,"column":68}},"3":{"start":{"line":5,"column":2},"end":{"line":5,"column":9}}},"fnMap":{"0":{"name":"(anonymous_0)","decl":{"start":{"line":1,"column":17},"end":{"line":1,"column":18}},"loc":{"start":{"line":1,"column":37},"end":{"line":6,"column":1}},"line":1}},"branchMap":{"0":{"loc":{"start":{"line":2,"column":2},"end":{"line":4,"column":3}},"type":"if","locations":[{"start":{"line":2,"column":2},"end":{"line":4,"column":3}},{"start":{},"end":{}}],"line":2}},"s":{"0":6,"1":8,"2":2,"3":6},"f":{"0":8},"b":{"0":[2,6]},"_coverageSchema":"1a1c01bbd47fc00a2c39e90264f33305004495a9","hash":"331e6db45195a69494d080493e39f61b575dac9e"}
,"C:\\Users\\이유미\\Documents\\study\\jamie-cms\\jamie-cms\\server\\src\\routes\\accounts.js": {"path":"C:\\Users\\이유미\\Documents\\study\\jamie-cms\\jamie-cms\\server\\src\\routes\\accounts.js","statementMap":{"0":{"start":{"line":1,"column":35},"end":{"line":1,"column":63}},"1":{"start":{"line":2,"column":15},"end":{"line":2,"column":42}},"2":{"start":{"line":3,"column":13},"end":{"line":3,"column":50}},"3":{"start":{"line":4,"column":10},"end":{"line":4,"column":54}},"4":{"start":{"line":6,"column":17},"end":{"line":10,"column":1}},"5":{"start":{"line":7,"column":17},"end":{"line":7,"column":38}},"6":{"start":{"line":8,"column":2},"end":{"line":8,"column":81}},"7":{"start":{"line":8,"column":25},"end":{"line":8,"column":81}},"8":{"start":{"line":9,"column":2},"end":{"line":9,"column":9}},"9":{"start":{"line":12,"column":0},"end":{"line":12,"column":37}},"10":{"start":{"line":13,"column":0},"end":{"line":17,"column":2}},"11":{"start":{"line":18,"column":0},"end":{"line":18,"column":39}},"12":{"start":{"line":19,"column":0},"end":{"line":23,"column":2}},"13":{"start":{"line":24,"column":0},"end":{"line":28,"column":2}},"14":{"start":{"line":29,"column":0},"end":{"line":29,"column":45}},"15":{"start":{"line":31,"column":0},"end":{"line":31,"column":24}}},"fnMap":{"0":{"name":"(anonymous_0)","decl":{"start":{"line":6,"column":17},"end":{"line":6,"column":18}},"loc":{"start":{"line":6,"column":37},"end":{"line":10,"column":1}},"line":6}},"branchMap":{"0":{"loc":{"start":{"line":8,"column":2},"end":{"line":8,"column":81}},"type":"if","locations":[{"start":{"line":8,"column":2},"end":{"line":8,"column":81}},{"start":{},"end":{}}],"line":8}},"s":{"0":6,"1":6,"2":6,"3":6,"4":6,"5":5,"6":5,"7":1,"8":4,"9":6,"10":6,"11":6,"12":6,"13":6,"14":6,"15":6},"f":{"0":5},"b":{"0":[1,4]},"_coverageSchema":"1a1c01bbd47fc00a2c39e90264f33305004495a9","hash":"5e530fa6f755e799afe5fd941da45c01f6c3ed05"}
,"C:\\Users\\이유미\\Documents\\study\\jamie-cms\\jamie-cms\\server\\src\\routes\\admin.js": {"path":"C:\\Users\\이유미\\Documents\\study\\jamie-cms\\jamie-cms\\server\\src\\routes\\admin.js","statementMap":{"0":{"start":{"line":1,"column":15},"end":{"line":1,"column":42}},"1":{"start":{"line":2,"column":13},"end":{"line":2,"column":50}},"2":{"start":{"line":3,"column":21},"end":{"line":3,"column":58}},"3":{"start":{"line":4,"column":10},"end":{"line":4,"column":51}},"4":{"start":{"line":6,"column":0},"end":{"line":6,"column":31}},"5":{"start":{"line":8,"column":0},"end":{"line":8,"column":33}},"6":{"start":{"line":9,"column":0},"end":{"line":9,"column":43}},"7":{"start":{"line":10,"column":0},"end":{"line":10,"column":44}},"8":{"start":{"line":11,"column":0},"end":{"line":11,"column":47}},"9":{"start":{"line":12,"column":0},"end":{"line":12,"column":42}},"10":{"start":{"line":13,"column":0},"end":{"line":13,"column":45}},"11":{"start":{"line":14,"column":0},"end":{"line":14,"column":48}},"12":{"start":{"line":16,"column":0},"end":{"line":16,"column":33}},"13":{"start":{"line":17,"column":0},"end":{"line":17,"column":35}},"14":{"start":{"line":18,"column":0},"end":{"line":18,"column":49}},"15":{"start":{"line":19,"column":0},"end":{"line":19,"column":51}},"16":{"start":{"line":21,"column":0},"end":{"line":21,"column":24}}},"fnMap":{},"branchMap":{},"s":{"0":6,"1":6,"2":6,"3":6,"4":6,"5":6,"6":6,"7":6,"8":6,"9":6,"10":6,"11":6,"12":6,"13":6,"14":6,"15":6,"16":6},"f":{},"b":{},"_coverageSchema":"1a1c01bbd47fc00a2c39e90264f33305004495a9","hash":"6924431c8b5d21992098b8822c6707d58b459e1c"}
,"C:\\Users\\이유미\\Documents\\study\\jamie-cms\\jamie-cms\\server\\src\\routes\\auth.js": {"path":"C:\\Users\\이유미\\Documents\\study\\jamie-cms\\jamie-cms\\server\\src\\routes\\auth.js","statementMap":{"0":{"start":{"line":1,"column":15},"end":{"line":1,"column":42}},"1":{"start":{"line":2,"column":25},"end":{"line":2,"column":61}},"2":{"start":{"line":3,"column":80},"end":{"line":3,"column":120}},"3":{"start":{"line":5,"column":0},"end":{"line":5,"column":47}},"4":{"start":{"line":6,"column":0},"end":{"line":6,"column":45}},"5":{"start":{"line":7,"column":0},"end":{"line":9,"column":1}},"6":{"start":{"line":8,"column":2},"end":{"line":8,"column":37}},"7":{"start":{"line":10,"column":0},"end":{"line":10,"column":36}},"8":{"start":{"line":11,"column":0},"end":{"line":11,"column":40}},"9":{"start":{"line":12,"column":0},"end":{"line":12,"column":33}},"10":{"start":{"line":13,"column":0},"end":{"line":13,"column":31}},"11":{"start":{"line":15,"column":0},"end":{"line":15,"column":24}}},"fnMap":{},"branchMap":{"0":{"loc":{"start":{"line":7,"column":0},"end":{"line":9,"column":1}},"type":"if","locations":[{"start":{"line":7,"column":0},"end":{"line":9,"column":1}},{"start":{},"end":{}}],"line":7}},"s":{"0":6,"1":6,"2":6,"3":6,"4":6,"5":6,"6":6,"7":6,"8":6,"9":6,"10":6,"11":6},"f":{},"b":{"0":[6,0]},"_coverageSchema":"1a1c01bbd47fc00a2c39e90264f33305004495a9","hash":"6d4984a96b46d3b07fa3dc63a0abb870b4db9277"}
,"C:\\Users\\이유미\\Documents\\study\\jamie-cms\\jamie-cms\\server\\src\\routes\\products.js": {"path":"C:\\Users\\이유미\\Documents\\study\\jamie-cms\\jamie-cms\\server\\src\\routes\\products.js","statementMap":{"0":{"start":{"line":1,"column":15},"end":{"line":1,"column":42}},"1":{"start":{"line":2,"column":13},"end":{"line":2,"column":50}},"2":{"start":{"line":3,"column":36},"end":{"line":3,"column":80}},"3":{"start":{"line":4,"column":0},"end":{"line":4,"column":35}},"4":{"start":{"line":5,"column":0},"end":{"line":5,"column":37}},"5":{"start":{"line":6,"column":0},"end":{"line":6,"column":24}}},"fnMap":{},"branchMap":{},"s":{"0":6,"1":6,"2":6,"3":6,"4":6,"5":6},"f":{},"b":{},"_coverageSchema":"1a1c01bbd47fc00a2c39e90264f33305004495a9","hash":"2f117bd04101049539b82a198248dbcd2f9d7a00"}
,"C:\\Users\\이유미\\Documents\\study\\jamie-cms\\jamie-cms\\server\\src\\routes\\scheduler.js": {"path":"C:\\Users\\이유미\\Documents\\study\\jamie-cms\\jamie-cms\\server\\src\\routes\\scheduler.js","statementMap":{"0":{"start":{"line":1,"column":15},"end":{"line":1,"column":42}},"1":{"start":{"line":2,"column":25},"end":{"line":2,"column":70}},"2":{"start":{"line":4,"column":0},"end":{"line":4,"column":34}},"3":{"start":{"line":6,"column":0},"end":{"line":6,"column":24}}},"fnMap":{},"branchMap":{},"s":{"0":6,"1":6,"2":6,"3":6},"f":{},"b":{},"_coverageSchema":"1a1c01bbd47fc00a2c39e90264f33305004495a9","hash":"168d48a66fc894987b75f24e21ac07916e6ada0e"}
,"C:\\Users\\이유미\\Documents\\study\\jamie-cms\\jamie-cms\\server\\src\\routes\\subscriptions.js": {"path":"C:\\Users\\이유미\\Documents\\study\\jamie-cms\\jamie-cms\\server\\src\\routes\\subscriptions.js","statementMap":{"0":{"start":{"line":1,"column":15},"end":{"line":1,"column":42}},"1":{"start":{"line":2,"column":13},"end":{"line":2,"column":50}},"2":{"start":{"line":3,"column":10},"end":{"line":3,"column":59}},"3":{"start":{"line":4,"column":0},"end":{"line":4,"column":42}},"4":{"start":{"line":5,"column":0},"end":{"line":5,"column":45}},"5":{"start":{"line":6,"column":0},"end":{"line":6,"column":47}},"6":{"start":{"line":7,"column":0},"end":{"line":7,"column":50}},"7":{"start":{"line":8,"column":0},"end":{"line":8,"column":24}}},"fnMap":{},"branchMap":{},"s":{"0":6,"1":6,"2":6,"3":6,"4":6,"5":6,"6":6,"7":6},"f":{},"b":{},"_coverageSchema":"1a1c01bbd47fc00a2c39e90264f33305004495a9","hash":"7fbd8ea541962868d4187158bb08d22f7c4dd291"}
,"C:\\Users\\이유미\\Documents\\study\\jamie-cms\\jamie-cms\\server\\src\\routes\\users.js": {"path":"C:\\Users\\이유미\\Documents\\study\\jamie-cms\\jamie-cms\\server\\src\\routes\\users.js","statementMap":{"0":{"start":{"line":1,"column":15},"end":{"line":1,"column":42}},"1":{"start":{"line":2,"column":13},"end":{"line":2,"column":50}},"2":{"start":{"line":3,"column":28},"end":{"line":3,"column":69}},"3":{"start":{"line":4,"column":0},"end":{"line":4,"column":31}},"4":{"start":{"line":5,"column":0},"end":{"line":5,"column":34}},"5":{"start":{"line":6,"column":0},"end":{"line":6,"column":24}}},"fnMap":{},"branchMap":{},"s":{"0":6,"1":6,"2":6,"3":6,"4":6,"5":6},"f":{},"b":{},"_coverageSchema":"1a1c01bbd47fc00a2c39e90264f33305004495a9","hash":"d5188cf7e6613ac04c50dbd0e146f793ee93238f"}
,"C:\\Users\\이유미\\Documents\\study\\jamie-cms\\jamie-cms\\server\\src\\scheduler\\autoDebit.js": {"path":"C:\\Users\\이유미\\Documents\\study\\jamie-cms\\jamie-cms\\server\\src\\scheduler\\autoDebit.js","statementMap":{"0":{"start":{"line":1,"column":13},"end":{"line":1,"column":36}},"1":{"start":{"line":3,"column":21},"end":{"line":117,"column":1}},"2":{"start":{"line":4,"column":16},"end":{"line":4,"column":49}},"3":{"start":{"line":5,"column":2},"end":{"line":5,"column":62}},"4":{"start":{"line":8,"column":24},"end":{"line":10,"column":3}},"5":{"start":{"line":11,"column":2},"end":{"line":14,"column":3}},"6":{"start":{"line":12,"column":4},"end":{"line":12,"column":68}},"7":{"start":{"line":13,"column":4},"end":{"line":13,"column":41}},"8":{"start":{"line":15,"column":30},"end":{"line":15,"column":54}},"9":{"start":{"line":18,"column":17},"end":{"line":32,"column":3}},"10":{"start":{"line":34,"column":2},"end":{"line":116,"column":3}},"11":{"start":{"line":35,"column":19},"end":{"line":35,"column":39}},"12":{"start":{"line":36,"column":20},"end":{"line":36,"column":25}},"13":{"start":{"line":37,"column":4},"end":{"line":115,"column":5}},"14":{"start":{"line":38,"column":6},"end":{"line":38,"column":34}},"15":{"start":{"line":41,"column":19},"end":{"line":44,"column":7}},"16":{"start":{"line":45,"column":6},"end":{"line":48,"column":8}},"17":{"start":{"line":50,"column":6},"end":{"line":50,"column":80}},"18":{"start":{"line":50,"column":25},"end":{"line":50,"column":80}},"19":{"start":{"line":51,"column":22},"end":{"line":51,"column":50}},"20":{"start":{"line":53,"column":6},"end":{"line":62,"column":7}},"21":{"start":{"line":54,"column":8},"end":{"line":54,"column":39}},"22":{"start":{"line":55,"column":8},"end":{"line":55,"column":25}},"23":{"start":{"line":56,"column":8},"end":{"line":60,"column":10}},"24":{"start":{"line":61,"column":8},"end":{"line":61,"column":17}},"25":{"start":{"line":65,"column":6},"end":{"line":68,"column":8}},"26":{"start":{"line":70,"column":6},"end":{"line":73,"column":8}},"27":{"start":{"line":75,"column":6},"end":{"line":79,"column":8}},"28":{"start":{"line":81,"column":6},"end":{"line":85,"column":8}},"29":{"start":{"line":87,"column":6},"end":{"line":91,"column":8}},"30":{"start":{"line":93,"column":6},"end":{"line":93,"column":35}},"31":{"start":{"line":94,"column":6},"end":{"line":94,"column":23}},"32":{"start":{"line":95,"column":6},"end":{"line":95,"column":78}},"33":{"start":{"line":97,"column":6},"end":{"line":101,"column":7}},"34":{"start":{"line":98,"column":8},"end":{"line":100,"column":9}},"35":{"start":{"line":98,"column":14},"end":{"line":98,"column":45}},"36":{"start":{"line":99,"column":10},"end":{"line":99,"column":90}},"37":{"start":{"line":102,"column":6},"end":{"line":102,"column":87}},"38":{"start":{"line":104,"column":6},"end":{"line":112,"column":7}},"39":{"start":{"line":105,"column":8},"end":{"line":109,"column":10}},"40":{"start":{"line":111,"column":8},"end":{"line":111,"column":100}},"41":{"start":{"line":114,"column":6},"end":{"line":114,"column":23}},"42":{"start":{"line":119,"column":0},"end":{"line":119,"column":34}}},"fnMap":{"0":{"name":"(anonymous_0)","decl":{"start":{"line":3,"column":21},"end":{"line":3,"column":22}},"loc":{"start":{"line":3,"column":49},"end":{"line":117,"column":1}},"line":3}},"branchMap":{"0":{"loc":{"start":{"line":3,"column":28},"end":{"line":3,"column":44}},"type":"default-arg","locations":[{"start":{"line":3,"column":40},"end":{"line":3,"column":44}}],"line":3},"1":{"loc":{"start":{"line":4,"column":16},"end":{"line":4,"column":49}},"type":"binary-expr","locations":[{"start":{"line":4,"column":16},"end":{"line":4,"column":25}},{"start":{"line":4,"column":29},"end":{"line":4,"column":49}}],"line":4},"2":{"loc":{"start":{"line":11,"column":2},"end":{"line":14,"column":3}},"type":"if","locations":[{"start":{"line":11,"column":2},"end":{"line":14,"column":3}},{"start":{},"end":{}}],"line":11},"3":{"loc":{"start":{"line":50,"column":6},"end":{"line":50,"column":80}},"type":"if","locations":[{"start":{"line":50,"column":6},"end":{"line":50,"column":80}},{"start":{},"end":{}}],"line":50},"4":{"loc":{"start":{"line":53,"column":6},"end":{"line":62,"column":7}},"type":"if","locations":[{"start":{"line":53,"column":6},"end":{"line":62,"column":7}},{"start":{},"end":{}}],"line":53},"5":{"loc":{"start":{"line":97,"column":6},"end":{"line":101,"column":7}},"type":"if","locations":[{"start":{"line":97,"column":6},"end":{"line":101,"column":7}},{"start":{},"end":{}}],"line":97}},"s":{"0":7,"1":7,"2":5,"3":5,"4":5,"5":5,"6":0,"7":0,"8":5,"9":5,"10":5,"11":3,"12":3,"13":3,"14":3,"15":3,"16":3,"17":3,"18":0,"19":3,"20":3,"21":0,"22":0,"23":0,"24":0,"25":3,"26":3,"27":3,"28":3,"29":3,"30":2,"31":2,"32":2,"33":1,"34":1,"35":1,"36":0,"37":1,"38":1,"39":1,"40":1,"41":3,"42":7},"f":{"0":5},"b":{"0":[0],"1":[5,0],"2":[0,5],"3":[0,3],"4":[0,3],"5":[1,0]},"_coverageSchema":"1a1c01bbd47fc00a2c39e90264f33305004495a9","hash":"144d37d835a93817d841287e3a0260d48adff4a8"}
,"C:\\Users\\이유미\\Documents\\study\\jamie-cms\\jamie-cms\\server\\src\\utils\\jwt.js": {"path":"C:\\Users\\이유미\\Documents\\study\\jamie-cms\\jamie-cms\\server\\src\\utils\\jwt.js","statementMap":{"0":{"start":{"line":1,"column":12},"end":{"line":1,"column":35}},"1":{"start":{"line":3,"column":29},"end":{"line":3,"column":52}},"2":{"start":{"line":5,"column":24},"end":{"line":6,"column":72}},"3":{"start":{"line":6,"column":2},"end":{"line":6,"column":72}},"4":{"start":{"line":8,"column":25},"end":{"line":13,"column":3}},"5":{"start":{"line":9,"column":2},"end":{"line":13,"column":3}},"6":{"start":{"line":15,"column":26},"end":{"line":16,"column":50}},"7":{"start":{"line":16,"column":2},"end":{"line":16,"column":50}},"8":{"start":{"line":18,"column":27},"end":{"line":19,"column":51}},"9":{"start":{"line":19,"column":2},"end":{"line":19,"column":51}},"10":{"start":{"line":21,"column":0},"end":{"line":21,"column":116}}},"fnMap":{"0":{"name":"(anonymous_0)","decl":{"start":{"line":5,"column":24},"end":{"line":5,"column":25}},"loc":{"start":{"line":6,"column":2},"end":{"line":6,"column":72}},"line":6},"1":{"name":"(anonymous_1)","decl":{"start":{"line":8,"column":25},"end":{"line":8,"column":26}},"loc":{"start":{"line":9,"column":2},"end":{"line":13,"column":3}},"line":9},"2":{"name":"(anonymous_2)","decl":{"start":{"line":15,"column":26},"end":{"line":15,"column":27}},"loc":{"start":{"line":16,"column":2},"end":{"line":16,"column":50}},"line":16},"3":{"name":"(anonymous_3)","decl":{"start":{"line":18,"column":27},"end":{"line":18,"column":28}},"loc":{"start":{"line":19,"column":2},"end":{"line":19,"column":51}},"line":19}},"branchMap":{},"s":{"0":7,"1":7,"2":7,"3":8,"4":7,"5":0,"6":7,"7":23,"8":7,"9":0,"10":7},"f":{"0":8,"1":0,"2":23,"3":0},"b":{},"_coverageSchema":"1a1c01bbd47fc00a2c39e90264f33305004495a9","hash":"38562fda810be12b5abe1373aae26fb5fa04e9a1"}
}
