TN:
SF:src\app.js
FN:17,(anonymous_0)
FN:27,(anonymous_1)
FN:30,(anonymous_2)
FNF:3
FNH:1
FNDA:1,(anonymous_0)
FNDA:0,(anonymous_1)
FNDA:0,(anonymous_2)
DA:1,6
DA:2,6
DA:3,6
DA:5,6
DA:6,6
DA:8,6
DA:10,6
DA:11,6
DA:15,6
DA:17,6
DA:18,6
DA:19,6
DA:20,6
DA:21,6
DA:22,6
DA:23,6
DA:24,6
DA:27,6
DA:30,6
DA:31,0
DA:32,0
DA:35,6
LF:22
LH:20
BRDA:6,0,0,6
BRDA:6,0,1,0
BRDA:32,1,0,0
BRDA:32,1,1,0
BRDA:32,2,0,0
BRDA:32,2,1,0
BRF:6
BRH:1
end_of_record
TN:
SF:src\config\db.js
FN:17,(anonymous_0)
FNF:1
FNH:0
FNDA:0,(anonymous_0)
DA:1,7
DA:3,7
DA:5,7
DA:6,0
DA:9,7
DA:17,7
DA:18,0
DA:19,0
DA:22,7
LF:9
LH:6
BRDA:5,0,0,0
BRDA:5,0,1,7
BRDA:11,1,0,0
BRDA:11,1,1,7
BRF:4
BRH:2
end_of_record
TN:
SF:src\controllers\accountsController.js
FN:3,(anonymous_0)
FN:16,(anonymous_1)
FN:31,(anonymous_2)
FN:48,(anonymous_3)
FN:80,(anonymous_4)
FN:113,(anonymous_5)
FNF:6
FNH:5
FNDA:1,(anonymous_0)
FNDA:2,(anonymous_1)
FNDA:2,(anonymous_2)
FNDA:1,(anonymous_3)
FNDA:1,(anonymous_4)
FNDA:0,(anonymous_5)
DA:1,6
DA:3,6
DA:4,1
DA:5,1
DA:9,1
DA:11,0
DA:12,0
DA:16,6
DA:17,2
DA:18,2
DA:19,2
DA:20,2
DA:24,2
DA:26,0
DA:27,0
DA:31,6
DA:32,2
DA:33,2
DA:34,2
DA:35,2
DA:36,2
DA:37,0
DA:41,0
DA:43,0
DA:44,0
DA:48,6
DA:49,1
DA:50,1
DA:51,1
DA:52,1
DA:53,1
DA:54,1
DA:55,1
DA:56,1
DA:57,1
DA:58,1
DA:62,1
DA:66,1
DA:67,1
DA:69,0
DA:70,0
DA:72,1
DA:75,0
DA:76,0
DA:80,6
DA:81,1
DA:82,1
DA:83,1
DA:84,1
DA:85,1
DA:86,1
DA:87,1
DA:88,0
DA:89,0
DA:90,0
DA:91,0
DA:95,0
DA:99,0
DA:100,0
DA:102,0
DA:103,0
DA:105,0
DA:108,0
DA:109,0
DA:113,6
DA:114,0
DA:115,0
DA:116,0
DA:117,0
DA:118,0
DA:122,0
DA:123,0
DA:125,0
DA:126,0
DA:128,0
DA:129,0
DA:133,6
LF:77
LH:42
BRDA:19,0,0,0
BRDA:19,0,1,2
BRDA:35,1,0,0
BRDA:35,1,1,2
BRDA:36,2,0,2
BRDA:36,2,1,0
BRDA:51,3,0,0
BRDA:51,3,1,1
BRDA:51,4,0,1
BRDA:51,4,1,1
BRDA:53,5,0,0
BRDA:53,5,1,1
BRDA:54,6,0,0
BRDA:54,6,1,1
BRDA:83,7,0,0
BRDA:83,7,1,1
BRDA:83,8,0,1
BRDA:83,8,1,1
BRDA:85,9,0,0
BRDA:85,9,1,1
BRDA:86,10,0,0
BRDA:86,10,1,1
BRDA:87,11,0,1
BRDA:87,11,1,0
BRDA:116,12,0,0
BRDA:116,12,1,0
BRDA:117,13,0,0
BRDA:117,13,1,0
BRDA:122,14,0,0
BRDA:122,14,1,0
BRF:30
BRH:14
end_of_record
TN:
SF:src\controllers\adminController.js
FN:4,(anonymous_0)
FN:16,(anonymous_1)
FN:34,(anonymous_2)
FN:44,(anonymous_3)
FN:55,(anonymous_4)
FN:72,(anonymous_5)
FN:94,(anonymous_6)
FN:108,(anonymous_7)
FN:136,(anonymous_8)
FN:156,(anonymous_9)
FN:224,(anonymous_10)
FNF:11
FNH:4
FNDA:0,(anonymous_0)
FNDA:0,(anonymous_1)
FNDA:0,(anonymous_2)
FNDA:0,(anonymous_3)
FNDA:0,(anonymous_4)
FNDA:0,(anonymous_5)
FNDA:0,(anonymous_6)
FNDA:1,(anonymous_7)
FNDA:2,(anonymous_8)
FNDA:2,(anonymous_9)
FNDA:1,(anonymous_10)
DA:1,6
DA:2,6
DA:4,6
DA:5,0
DA:6,0
DA:9,0
DA:11,0
DA:12,0
DA:16,6
DA:17,0
DA:18,0
DA:27,0
DA:29,0
DA:30,0
DA:34,6
DA:35,0
DA:36,0
DA:37,0
DA:39,0
DA:40,0
DA:44,6
DA:45,0
DA:46,0
DA:47,0
DA:48,0
DA:50,0
DA:51,0
DA:55,6
DA:56,0
DA:57,0
DA:58,0
DA:59,0
DA:61,0
DA:65,0
DA:67,0
DA:68,0
DA:72,6
DA:73,0
DA:74,0
DA:75,0
DA:86,0
DA:87,0
DA:89,0
DA:90,0
DA:94,6
DA:95,0
DA:96,0
DA:100,0
DA:101,0
DA:103,0
DA:104,0
DA:108,6
DA:109,1
DA:110,1
DA:118,1
DA:119,1
DA:120,1
DA:121,1
DA:122,1
DA:123,1
DA:131,0
DA:132,0
DA:136,6
DA:137,2
DA:138,2
DA:149,2
DA:151,0
DA:152,0
DA:156,6
DA:157,2
DA:158,2
DA:165,2
DA:167,2
DA:169,2
DA:170,2
DA:171,2
DA:173,2
DA:174,2
DA:175,2
DA:176,2
DA:179,2
DA:183,2
DA:185,2
DA:186,2
DA:187,1
DA:188,1
DA:189,1
DA:192,1
DA:193,1
DA:194,1
DA:198,1
DA:202,1
DA:207,1
DA:208,1
DA:209,1
DA:211,0
DA:212,0
DA:214,0
DA:216,2
DA:219,0
DA:220,0
DA:224,6
DA:225,1
DA:226,1
DA:227,1
DA:228,1
DA:230,0
DA:231,0
DA:235,6
LF:109
LH:56
BRDA:47,0,0,0
BRDA:47,0,1,0
BRDA:58,1,0,0
BRDA:58,1,1,0
BRDA:58,2,0,0
BRDA:58,2,1,0
BRDA:58,2,2,0
BRDA:58,2,3,0
BRDA:86,3,0,0
BRDA:86,3,1,0
BRDA:100,4,0,0
BRDA:100,4,1,0
BRDA:122,5,0,0
BRDA:122,5,1,1
BRDA:165,6,0,0
BRDA:165,6,1,2
BRDA:170,7,0,0
BRDA:170,7,1,2
BRDA:185,8,0,0
BRDA:185,8,1,2
BRDA:186,9,0,1
BRDA:186,9,1,1
BRDA:211,10,0,0
BRDA:211,10,1,0
BRDA:225,11,0,1
BRDA:225,11,1,0
BRF:26
BRH:7
end_of_record
TN:
SF:src\controllers\authController.js
FN:5,(anonymous_0)
FN:15,(anonymous_1)
FN:60,(anonymous_2)
FN:69,(anonymous_3)
FN:83,(anonymous_4)
FN:125,(anonymous_5)
FN:138,(anonymous_6)
FN:158,(anonymous_7)
FNF:8
FNH:1
FNDA:5,(anonymous_0)
FNDA:0,(anonymous_1)
FNDA:0,(anonymous_2)
FNDA:0,(anonymous_3)
FNDA:0,(anonymous_4)
FNDA:0,(anonymous_5)
FNDA:0,(anonymous_6)
FNDA:0,(anonymous_7)
DA:1,6
DA:2,6
DA:3,6
DA:5,6
DA:6,5
DA:7,5
DA:8,5
DA:9,5
DA:10,0
DA:12,5
DA:15,6
DA:16,0
DA:17,0
DA:18,0
DA:19,0
DA:27,0
DA:29,0
DA:32,0
DA:33,0
DA:34,0
DA:36,0
DA:43,0
DA:45,0
DA:46,0
DA:47,0
DA:49,0
DA:50,0
DA:56,0
DA:57,0
DA:58,0
DA:59,0
DA:60,0
DA:62,0
DA:64,0
DA:65,0
DA:69,6
DA:70,0
DA:71,0
DA:72,0
DA:73,0
DA:74,0
DA:75,0
DA:77,0
DA:79,0
DA:83,6
DA:84,0
DA:85,0
DA:87,0
DA:88,0
DA:90,0
DA:95,0
DA:97,0
DA:98,0
DA:99,0
DA:101,0
DA:102,0
DA:103,0
DA:104,0
DA:105,0
DA:109,0
DA:111,0
DA:112,0
DA:114,0
DA:119,0
DA:121,0
DA:125,6
DA:126,0
DA:127,0
DA:128,0
DA:129,0
DA:131,0
DA:133,0
DA:134,0
DA:138,6
DA:139,0
DA:140,0
DA:141,0
DA:148,0
DA:150,0
DA:151,0
DA:152,0
DA:154,0
DA:155,0
DA:156,0
DA:157,0
DA:158,0
DA:160,0
DA:161,0
DA:163,0
DA:164,0
DA:168,6
LF:91
LH:15
BRDA:9,0,0,0
BRDA:9,0,1,5
BRDA:9,1,0,5
BRDA:9,1,1,5
BRDA:33,2,0,0
BRDA:33,2,1,0
BRDA:34,3,0,0
BRDA:34,3,1,0
BRDA:58,4,0,0
BRDA:58,4,1,0
BRDA:72,5,0,0
BRDA:72,5,1,0
BRDA:72,6,0,0
BRDA:72,6,1,0
BRDA:85,7,0,0
BRDA:85,7,1,0
BRDA:95,8,0,0
BRDA:95,8,1,0
BRDA:128,9,0,0
BRDA:128,9,1,0
BRDA:156,10,0,0
BRDA:156,10,1,0
BRF:22
BRH:3
end_of_record
TN:
SF:src\controllers\productsController.js
FN:3,(anonymous_0)
FN:10,(anonymous_1)
FNF:2
FNH:0
FNDA:0,(anonymous_0)
FNDA:0,(anonymous_1)
DA:1,6
DA:3,6
DA:4,0
DA:7,0
DA:10,6
DA:11,0
DA:15,0
DA:16,0
DA:19,6
LF:9
LH:4
BRDA:15,0,0,0
BRDA:15,0,1,0
BRF:2
BRH:0
end_of_record
TN:
SF:src\controllers\schedulerController.js
FN:3,(anonymous_0)
FNF:1
FNH:0
FNDA:0,(anonymous_0)
DA:1,6
DA:3,6
DA:4,0
DA:5,0
DA:6,0
DA:9,0
DA:11,0
DA:12,0
DA:13,0
DA:15,0
DA:16,0
DA:20,6
LF:12
LH:3
BRDA:5,0,0,0
BRDA:5,0,1,0
BRDA:5,1,0,0
BRDA:5,1,1,0
BRDA:9,2,0,0
BRDA:9,2,1,0
BRF:6
BRH:0
end_of_record
TN:
SF:src\controllers\subscriptionsController.js
FN:3,(anonymous_0)
FN:20,(anonymous_1)
FN:50,(anonymous_2)
FN:71,(anonymous_3)
FNF:4
FNH:4
FNDA:1,(anonymous_0)
FNDA:1,(anonymous_1)
FNDA:1,(anonymous_2)
FNDA:1,(anonymous_3)
DA:1,6
DA:3,6
DA:4,1
DA:5,1
DA:13,1
DA:15,0
DA:16,0
DA:20,6
DA:21,1
DA:22,1
DA:23,1
DA:24,0
DA:26,1
DA:27,1
DA:28,1
DA:30,1
DA:31,1
DA:33,1
DA:37,1
DA:39,1
DA:43,1
DA:45,0
DA:46,0
DA:50,6
DA:51,1
DA:52,1
DA:53,1
DA:54,0
DA:56,1
DA:57,1
DA:58,1
DA:60,1
DA:64,1
DA:66,0
DA:67,0
DA:71,6
DA:72,1
DA:73,1
DA:74,1
DA:75,1
DA:77,1
DA:81,1
DA:83,0
DA:84,0
DA:88,6
LF:45
LH:35
BRDA:23,0,0,0
BRDA:23,0,1,1
BRDA:23,1,0,1
BRDA:23,1,1,1
BRDA:27,2,0,0
BRDA:27,2,1,1
BRDA:28,3,0,0
BRDA:28,3,1,1
BRDA:31,4,0,0
BRDA:31,4,1,1
BRDA:37,5,0,0
BRDA:37,5,1,1
BRDA:53,6,0,0
BRDA:53,6,1,1
BRDA:57,7,0,0
BRDA:57,7,1,1
BRDA:58,8,0,0
BRDA:58,8,1,1
BRDA:74,9,0,0
BRDA:74,9,1,1
BRDA:75,10,0,0
BRDA:75,10,1,1
BRF:22
BRH:12
end_of_record
TN:
SF:src\controllers\usersController.js
FN:3,(anonymous_0)
FN:12,(anonymous_1)
FNF:2
FNH:0
FNDA:0,(anonymous_0)
FNDA:0,(anonymous_1)
DA:1,6
DA:3,6
DA:4,0
DA:8,0
DA:9,0
DA:12,6
DA:13,0
DA:14,0
DA:15,0
DA:19,0
DA:22,6
LF:11
LH:4
BRDA:8,0,0,0
BRDA:8,0,1,0
BRDA:14,1,0,0
BRDA:14,1,1,0
BRF:4
BRH:0
end_of_record
TN:
SF:src\middleware\authenticate.js
FN:3,(anonymous_0)
FNF:1
FNH:1
FNDA:22,(anonymous_0)
DA:1,6
DA:3,6
DA:4,22
DA:5,22
DA:6,1
DA:8,21
DA:9,21
DA:10,20
DA:11,20
DA:13,1
LF:10
LH:10
BRDA:5,0,0,1
BRDA:5,0,1,21
BRF:2
BRH:2
end_of_record
TN:
SF:src\middleware\rateLimiter.js
FNF:0
FNH:0
DA:1,6
DA:3,6
DA:11,6
LF:3
LH:3
BRF:0
BRH:0
end_of_record
TN:
SF:src\middleware\requireAdmin.js
FN:1,(anonymous_0)
FNF:1
FNH:1
FNDA:8,(anonymous_0)
DA:1,6
DA:2,8
DA:3,2
DA:5,6
LF:4
LH:4
BRDA:2,0,0,2
BRDA:2,0,1,6
BRF:2
BRH:2
end_of_record
TN:
SF:src\routes\accounts.js
FN:6,(anonymous_0)
FNF:1
FNH:1
FNDA:5,(anonymous_0)
DA:1,6
DA:2,6
DA:3,6
DA:4,6
DA:6,6
DA:7,5
DA:8,5
DA:9,4
DA:12,6
DA:13,6
DA:18,6
DA:19,6
DA:24,6
DA:29,6
DA:31,6
LF:15
LH:15
BRDA:8,0,0,1
BRDA:8,0,1,4
BRF:2
BRH:2
end_of_record
TN:
SF:src\routes\admin.js
FNF:0
FNH:0
DA:1,6
DA:2,6
DA:3,6
DA:4,6
DA:6,6
DA:8,6
DA:9,6
DA:10,6
DA:11,6
DA:12,6
DA:13,6
DA:14,6
DA:16,6
DA:17,6
DA:18,6
DA:19,6
DA:21,6
LF:17
LH:17
BRF:0
BRH:0
end_of_record
TN:
SF:src\routes\auth.js
FNF:0
FNH:0
DA:1,6
DA:2,6
DA:3,6
DA:5,6
DA:6,6
DA:7,6
DA:8,6
DA:10,6
DA:11,6
DA:12,6
DA:13,6
DA:15,6
LF:12
LH:12
BRDA:7,0,0,6
BRDA:7,0,1,0
BRF:2
BRH:1
end_of_record
TN:
SF:src\routes\products.js
FNF:0
FNH:0
DA:1,6
DA:2,6
DA:3,6
DA:4,6
DA:5,6
DA:6,6
LF:6
LH:6
BRF:0
BRH:0
end_of_record
TN:
SF:src\routes\scheduler.js
FNF:0
FNH:0
DA:1,6
DA:2,6
DA:4,6
DA:6,6
LF:4
LH:4
BRF:0
BRH:0
end_of_record
TN:
SF:src\routes\subscriptions.js
FNF:0
FNH:0
DA:1,6
DA:2,6
DA:3,6
DA:4,6
DA:5,6
DA:6,6
DA:7,6
DA:8,6
LF:8
LH:8
BRF:0
BRH:0
end_of_record
TN:
SF:src\routes\users.js
FNF:0
FNH:0
DA:1,6
DA:2,6
DA:3,6
DA:4,6
DA:5,6
DA:6,6
LF:6
LH:6
BRF:0
BRH:0
end_of_record
TN:
SF:src\scheduler\autoDebit.js
FN:3,(anonymous_0)
FNF:1
FNH:1
FNDA:5,(anonymous_0)
DA:1,7
DA:3,7
DA:4,5
DA:5,5
DA:8,5
DA:11,5
DA:12,0
DA:13,0
DA:15,5
DA:18,5
DA:34,5
DA:35,3
DA:36,3
DA:37,3
DA:38,3
DA:41,3
DA:45,3
DA:50,3
DA:51,3
DA:53,3
DA:54,0
DA:55,0
DA:56,0
DA:61,0
DA:65,3
DA:70,3
DA:75,3
DA:81,3
DA:87,3
DA:93,2
DA:94,2
DA:95,2
DA:97,1
DA:98,1
DA:99,0
DA:102,1
DA:104,1
DA:105,1
DA:111,1
DA:114,3
DA:119,7
LF:41
LH:34
BRDA:3,0,0,0
BRDA:4,1,0,5
BRDA:4,1,1,0
BRDA:11,2,0,0
BRDA:11,2,1,5
BRDA:50,3,0,0
BRDA:50,3,1,3
BRDA:53,4,0,0
BRDA:53,4,1,3
BRDA:97,5,0,1
BRDA:97,5,1,0
BRF:11
BRH:5
end_of_record
TN:
SF:src\utils\jwt.js
FN:5,(anonymous_0)
FN:8,(anonymous_1)
FN:15,(anonymous_2)
FN:18,(anonymous_3)
FNF:4
FNH:2
FNDA:8,(anonymous_0)
FNDA:0,(anonymous_1)
FNDA:23,(anonymous_2)
FNDA:0,(anonymous_3)
DA:1,7
DA:3,7
DA:5,7
DA:6,8
DA:8,7
DA:9,0
DA:15,7
DA:16,23
DA:18,7
DA:19,0
DA:21,7
LF:11
LH:9
BRF:0
BRH:0
end_of_record
