{"C:\\Users\\Jamie-I\\Documents\\jamie-cms\\client\\src\\api\\accounts.js": {"path":"C:\\Users\\Jamie-I\\Documents\\jamie-cms\\client\\src\\api\\accounts.js","statementMap":{"0":{"start":{"line":3,"column":27},"end":{"line":12,"column":null}},"1":{"start":{"line":4,"column":29},"end":{"line":4,"column":58}},"2":{"start":{"line":5,"column":26},"end":{"line":10,"column":24}},"3":{"start":{"line":11,"column":2},"end":{"line":11,"column":null}},"4":{"start":{"line":11,"column":13},"end":{"line":11,"column":null}},"5":{"start":{"line":12,"column":2},"end":{"line":12,"column":null}},"6":{"start":{"line":15,"column":29},"end":{"line":23,"column":null}},"7":{"start":{"line":16,"column":29},"end":{"line":16,"column":58}},"8":{"start":{"line":17,"column":26},"end":{"line":21,"column":13}},"9":{"start":{"line":22,"column":2},"end":{"line":22,"column":null}},"10":{"start":{"line":22,"column":13},"end":{"line":22,"column":null}},"11":{"start":{"line":23,"column":2},"end":{"line":23,"column":null}},"12":{"start":{"line":26,"column":26},"end":{"line":34,"column":null}},"13":{"start":{"line":27,"column":26},"end":{"line":32,"column":13}},"14":{"start":{"line":33,"column":2},"end":{"line":33,"column":null}},"15":{"start":{"line":33,"column":13},"end":{"line":33,"column":null}},"16":{"start":{"line":34,"column":2},"end":{"line":34,"column":null}},"17":{"start":{"line":37,"column":23},"end":{"line":40,"column":null}},"18":{"start":{"line":38,"column":26},"end":{"line":38,"column":107}},"19":{"start":{"line":39,"column":2},"end":{"line":39,"column":null}},"20":{"start":{"line":39,"column":13},"end":{"line":39,"column":null}},"21":{"start":{"line":40,"column":2},"end":{"line":40,"column":null}},"22":{"start":{"line":43,"column":24},"end":{"line":46,"column":null}},"23":{"start":{"line":44,"column":26},"end":{"line":44,"column":108}},"24":{"start":{"line":45,"column":2},"end":{"line":45,"column":null}},"25":{"start":{"line":45,"column":13},"end":{"line":45,"column":null}},"26":{"start":{"line":46,"column":2},"end":{"line":46,"column":null}},"27":{"start":{"line":49,"column":29},"end":{"line":55,"column":null}},"28":{"start":{"line":50,"column":26},"end":{"line":53,"column":17}},"29":{"start":{"line":54,"column":2},"end":{"line":54,"column":null}},"30":{"start":{"line":54,"column":13},"end":{"line":54,"column":null}},"31":{"start":{"line":55,"column":2},"end":{"line":55,"column":null}}},"fnMap":{"0":{"name":"(anonymous_0)","decl":{"start":{"line":3,"column":27},"end":{"line":3,"column":39}},"loc":{"start":{"line":3,"column":39},"end":{"line":12,"column":null}},"line":3},"1":{"name":"(anonymous_1)","decl":{"start":{"line":15,"column":29},"end":{"line":15,"column":36}},"loc":{"start":{"line":15,"column":45},"end":{"line":23,"column":null}},"line":15},"2":{"name":"(anonymous_2)","decl":{"start":{"line":26,"column":26},"end":{"line":26,"column":33}},"loc":{"start":{"line":26,"column":40},"end":{"line":34,"column":null}},"line":26},"3":{"name":"(anonymous_3)","decl":{"start":{"line":37,"column":23},"end":{"line":37,"column":30}},"loc":{"start":{"line":37,"column":45},"end":{"line":40,"column":null}},"line":37},"4":{"name":"(anonymous_4)","decl":{"start":{"line":43,"column":24},"end":{"line":43,"column":31}},"loc":{"start":{"line":43,"column":46},"end":{"line":46,"column":null}},"line":43},"5":{"name":"(anonymous_5)","decl":{"start":{"line":49,"column":29},"end":{"line":49,"column":36}},"loc":{"start":{"line":49,"column":43},"end":{"line":55,"column":null}},"line":49}},"branchMap":{"0":{"loc":{"start":{"line":11,"column":2},"end":{"line":11,"column":null}},"type":"if","locations":[{"start":{"line":11,"column":2},"end":{"line":11,"column":null}},{"start":{},"end":{}}],"line":11},"1":{"loc":{"start":{"line":22,"column":2},"end":{"line":22,"column":null}},"type":"if","locations":[{"start":{"line":22,"column":2},"end":{"line":22,"column":null}},{"start":{},"end":{}}],"line":22},"2":{"loc":{"start":{"line":33,"column":2},"end":{"line":33,"column":null}},"type":"if","locations":[{"start":{"line":33,"column":2},"end":{"line":33,"column":null}},{"start":{},"end":{}}],"line":33},"3":{"loc":{"start":{"line":39,"column":2},"end":{"line":39,"column":null}},"type":"if","locations":[{"start":{"line":39,"column":2},"end":{"line":39,"column":null}},{"start":{},"end":{}}],"line":39},"4":{"loc":{"start":{"line":45,"column":2},"end":{"line":45,"column":null}},"type":"if","locations":[{"start":{"line":45,"column":2},"end":{"line":45,"column":null}},{"start":{},"end":{}}],"line":45},"5":{"loc":{"start":{"line":54,"column":2},"end":{"line":54,"column":null}},"type":"if","locations":[{"start":{"line":54,"column":2},"end":{"line":54,"column":null}},{"start":{},"end":{}}],"line":54}},"s":{"0":1,"1":4,"2":4,"3":4,"4":1,"5":3,"6":1,"7":3,"8":3,"9":3,"10":1,"11":2,"12":1,"13":3,"14":3,"15":1,"16":2,"17":1,"18":3,"19":3,"20":1,"21":2,"22":1,"23":2,"24":2,"25":1,"26":1,"27":1,"28":2,"29":2,"30":1,"31":1},"f":{"0":4,"1":3,"2":3,"3":3,"4":2,"5":2},"b":{"0":[1,3],"1":[1,2],"2":[1,2],"3":[1,2],"4":[1,1],"5":[1,1]},"meta":{"lastBranch":6,"lastFunction":6,"lastStatement":32,"seen":{"s:3:27:12:Infinity":0,"f:3:27:3:39":0,"s:4:29:4:58":1,"s:5:26:10:24":2,"b:11:2:11:Infinity:undefined:undefined:undefined:undefined":0,"s:11:2:11:Infinity":3,"s:11:13:11:Infinity":4,"s:12:2:12:Infinity":5,"s:15:29:23:Infinity":6,"f:15:29:15:36":1,"s:16:29:16:58":7,"s:17:26:21:13":8,"b:22:2:22:Infinity:undefined:undefined:undefined:undefined":1,"s:22:2:22:Infinity":9,"s:22:13:22:Infinity":10,"s:23:2:23:Infinity":11,"s:26:26:34:Infinity":12,"f:26:26:26:33":2,"s:27:26:32:13":13,"b:33:2:33:Infinity:undefined:undefined:undefined:undefined":2,"s:33:2:33:Infinity":14,"s:33:13:33:Infinity":15,"s:34:2:34:Infinity":16,"s:37:23:40:Infinity":17,"f:37:23:37:30":3,"s:38:26:38:107":18,"b:39:2:39:Infinity:undefined:undefined:undefined:undefined":3,"s:39:2:39:Infinity":19,"s:39:13:39:Infinity":20,"s:40:2:40:Infinity":21,"s:43:24:46:Infinity":22,"f:43:24:43:31":4,"s:44:26:44:108":23,"b:45:2:45:Infinity:undefined:undefined:undefined:undefined":4,"s:45:2:45:Infinity":24,"s:45:13:45:Infinity":25,"s:46:2:46:Infinity":26,"s:49:29:55:Infinity":27,"f:49:29:49:36":5,"s:50:26:53:17":28,"b:54:2:54:Infinity:undefined:undefined:undefined:undefined":5,"s:54:2:54:Infinity":29,"s:54:13:54:Infinity":30,"s:55:2:55:Infinity":31}}}
,"C:\\Users\\Jamie-I\\Documents\\jamie-cms\\client\\src\\api\\admin.js": {"path":"C:\\Users\\Jamie-I\\Documents\\jamie-cms\\client\\src\\api\\admin.js","statementMap":{"0":{"start":{"line":3,"column":29},"end":{"line":5,"column":null}},"1":{"start":{"line":4,"column":19},"end":{"line":4,"column":56}},"2":{"start":{"line":5,"column":2},"end":{"line":5,"column":null}},"3":{"start":{"line":8,"column":33},"end":{"line":11,"column":null}},"4":{"start":{"line":9,"column":26},"end":{"line":9,"column":67}},"5":{"start":{"line":10,"column":2},"end":{"line":10,"column":null}},"6":{"start":{"line":10,"column":13},"end":{"line":10,"column":null}},"7":{"start":{"line":11,"column":2},"end":{"line":11,"column":null}},"8":{"start":{"line":14,"column":32},"end":{"line":20,"column":null}},"9":{"start":{"line":15,"column":26},"end":{"line":18,"column":46}},"10":{"start":{"line":19,"column":2},"end":{"line":19,"column":null}},"11":{"start":{"line":19,"column":13},"end":{"line":19,"column":null}},"12":{"start":{"line":20,"column":2},"end":{"line":20,"column":null}},"13":{"start":{"line":23,"column":31},"end":{"line":29,"column":null}},"14":{"start":{"line":24,"column":19},"end":{"line":28,"column":13}},"15":{"start":{"line":29,"column":2},"end":{"line":29,"column":null}},"16":{"start":{"line":32,"column":29},"end":{"line":38,"column":null}},"17":{"start":{"line":33,"column":19},"end":{"line":37,"column":13}},"18":{"start":{"line":38,"column":2},"end":{"line":38,"column":null}},"19":{"start":{"line":41,"column":29},"end":{"line":48,"column":null}},"20":{"start":{"line":42,"column":19},"end":{"line":47,"column":13}},"21":{"start":{"line":48,"column":2},"end":{"line":48,"column":null}},"22":{"start":{"line":51,"column":29},"end":{"line":56,"column":null}},"23":{"start":{"line":52,"column":19},"end":{"line":55,"column":17}},"24":{"start":{"line":56,"column":2},"end":{"line":56,"column":null}},"25":{"start":{"line":59,"column":29},"end":{"line":62,"column":null}},"26":{"start":{"line":60,"column":26},"end":{"line":60,"column":63}},"27":{"start":{"line":61,"column":2},"end":{"line":61,"column":null}},"28":{"start":{"line":61,"column":13},"end":{"line":61,"column":null}},"29":{"start":{"line":62,"column":2},"end":{"line":62,"column":null}},"30":{"start":{"line":65,"column":25},"end":{"line":67,"column":null}},"31":{"start":{"line":66,"column":19},"end":{"line":66,"column":56}},"32":{"start":{"line":67,"column":2},"end":{"line":67,"column":null}},"33":{"start":{"line":70,"column":28},"end":{"line":73,"column":null}},"34":{"start":{"line":71,"column":26},"end":{"line":71,"column":77}},"35":{"start":{"line":72,"column":2},"end":{"line":72,"column":null}},"36":{"start":{"line":72,"column":13},"end":{"line":72,"column":null}},"37":{"start":{"line":73,"column":2},"end":{"line":73,"column":null}},"38":{"start":{"line":76,"column":32},"end":{"line":79,"column":null}},"39":{"start":{"line":77,"column":26},"end":{"line":77,"column":84}},"40":{"start":{"line":78,"column":2},"end":{"line":78,"column":null}},"41":{"start":{"line":78,"column":13},"end":{"line":78,"column":null}},"42":{"start":{"line":79,"column":2},"end":{"line":79,"column":null}},"43":{"start":{"line":82,"column":34},"end":{"line":85,"column":null}},"44":{"start":{"line":83,"column":17},"end":{"line":83,"column":48}},"45":{"start":{"line":84,"column":19},"end":{"line":84,"column":69}},"46":{"start":{"line":85,"column":2},"end":{"line":85,"column":null}},"47":{"start":{"line":88,"column":33},"end":{"line":93,"column":null}},"48":{"start":{"line":89,"column":26},"end":{"line":91,"column":4}},"49":{"start":{"line":92,"column":2},"end":{"line":92,"column":null}},"50":{"start":{"line":92,"column":13},"end":{"line":92,"column":null}},"51":{"start":{"line":93,"column":2},"end":{"line":93,"column":null}}},"fnMap":{"0":{"name":"(anonymous_0)","decl":{"start":{"line":3,"column":29},"end":{"line":3,"column":41}},"loc":{"start":{"line":3,"column":41},"end":{"line":5,"column":null}},"line":3},"1":{"name":"(anonymous_1)","decl":{"start":{"line":8,"column":33},"end":{"line":8,"column":45}},"loc":{"start":{"line":8,"column":45},"end":{"line":11,"column":null}},"line":8},"2":{"name":"(anonymous_2)","decl":{"start":{"line":14,"column":32},"end":{"line":14,"column":44}},"loc":{"start":{"line":14,"column":44},"end":{"line":20,"column":null}},"line":14},"3":{"name":"(anonymous_3)","decl":{"start":{"line":23,"column":31},"end":{"line":23,"column":38}},"loc":{"start":{"line":23,"column":45},"end":{"line":29,"column":null}},"line":23},"4":{"name":"(anonymous_4)","decl":{"start":{"line":32,"column":29},"end":{"line":32,"column":36}},"loc":{"start":{"line":32,"column":52},"end":{"line":38,"column":null}},"line":32},"5":{"name":"(anonymous_5)","decl":{"start":{"line":41,"column":29},"end":{"line":41,"column":36}},"loc":{"start":{"line":41,"column":56},"end":{"line":48,"column":null}},"line":41},"6":{"name":"(anonymous_6)","decl":{"start":{"line":51,"column":29},"end":{"line":51,"column":36}},"loc":{"start":{"line":51,"column":43},"end":{"line":56,"column":null}},"line":51},"7":{"name":"(anonymous_7)","decl":{"start":{"line":59,"column":29},"end":{"line":59,"column":41}},"loc":{"start":{"line":59,"column":41},"end":{"line":62,"column":null}},"line":59},"8":{"name":"(anonymous_8)","decl":{"start":{"line":65,"column":25},"end":{"line":65,"column":37}},"loc":{"start":{"line":65,"column":37},"end":{"line":67,"column":null}},"line":65},"9":{"name":"(anonymous_9)","decl":{"start":{"line":70,"column":28},"end":{"line":70,"column":35}},"loc":{"start":{"line":70,"column":42},"end":{"line":73,"column":null}},"line":70},"10":{"name":"(anonymous_10)","decl":{"start":{"line":76,"column":32},"end":{"line":76,"column":39}},"loc":{"start":{"line":76,"column":47},"end":{"line":79,"column":null}},"line":76},"11":{"name":"(anonymous_11)","decl":{"start":{"line":82,"column":34},"end":{"line":82,"column":41}},"loc":{"start":{"line":82,"column":58},"end":{"line":85,"column":null}},"line":82},"12":{"name":"(anonymous_12)","decl":{"start":{"line":88,"column":33},"end":{"line":88,"column":40}},"loc":{"start":{"line":88,"column":48},"end":{"line":93,"column":null}},"line":88}},"branchMap":{"0":{"loc":{"start":{"line":10,"column":2},"end":{"line":10,"column":null}},"type":"if","locations":[{"start":{"line":10,"column":2},"end":{"line":10,"column":null}},{"start":{},"end":{}}],"line":10},"1":{"loc":{"start":{"line":19,"column":2},"end":{"line":19,"column":null}},"type":"if","locations":[{"start":{"line":19,"column":2},"end":{"line":19,"column":null}},{"start":{},"end":{}}],"line":19},"2":{"loc":{"start":{"line":61,"column":2},"end":{"line":61,"column":null}},"type":"if","locations":[{"start":{"line":61,"column":2},"end":{"line":61,"column":null}},{"start":{},"end":{}}],"line":61},"3":{"loc":{"start":{"line":72,"column":2},"end":{"line":72,"column":null}},"type":"if","locations":[{"start":{"line":72,"column":2},"end":{"line":72,"column":null}},{"start":{},"end":{}}],"line":72},"4":{"loc":{"start":{"line":78,"column":2},"end":{"line":78,"column":null}},"type":"if","locations":[{"start":{"line":78,"column":2},"end":{"line":78,"column":null}},{"start":{},"end":{}}],"line":78},"5":{"loc":{"start":{"line":82,"column":41},"end":{"line":82,"column":58}},"type":"default-arg","locations":[{"start":{"line":82,"column":49},"end":{"line":82,"column":58}}],"line":82},"6":{"loc":{"start":{"line":83,"column":17},"end":{"line":83,"column":48}},"type":"cond-expr","locations":[{"start":{"line":83,"column":25},"end":{"line":83,"column":43}},{"start":{"line":83,"column":46},"end":{"line":83,"column":48}}],"line":83},"7":{"loc":{"start":{"line":92,"column":2},"end":{"line":92,"column":null}},"type":"if","locations":[{"start":{"line":92,"column":2},"end":{"line":92,"column":null}},{"start":{},"end":{}}],"line":92}},"s":{"0":2,"1":1,"2":1,"3":2,"4":2,"5":2,"6":1,"7":1,"8":2,"9":2,"10":2,"11":1,"12":1,"13":2,"14":1,"15":1,"16":2,"17":1,"18":1,"19":2,"20":1,"21":1,"22":2,"23":1,"24":1,"25":2,"26":2,"27":2,"28":1,"29":1,"30":2,"31":1,"32":1,"33":2,"34":3,"35":3,"36":1,"37":2,"38":2,"39":3,"40":3,"41":1,"42":2,"43":2,"44":3,"45":3,"46":3,"47":2,"48":3,"49":3,"50":1,"51":2},"f":{"0":1,"1":2,"2":2,"3":1,"4":1,"5":1,"6":1,"7":2,"8":1,"9":3,"10":3,"11":3,"12":3},"b":{"0":[1,1],"1":[1,1],"2":[1,1],"3":[1,2],"4":[1,2],"5":[3],"6":[2,1],"7":[1,2]},"meta":{"lastBranch":8,"lastFunction":13,"lastStatement":52,"seen":{"s:3:29:5:Infinity":0,"f:3:29:3:41":0,"s:4:19:4:56":1,"s:5:2:5:Infinity":2,"s:8:33:11:Infinity":3,"f:8:33:8:45":1,"s:9:26:9:67":4,"b:10:2:10:Infinity:undefined:undefined:undefined:undefined":0,"s:10:2:10:Infinity":5,"s:10:13:10:Infinity":6,"s:11:2:11:Infinity":7,"s:14:32:20:Infinity":8,"f:14:32:14:44":2,"s:15:26:18:46":9,"b:19:2:19:Infinity:undefined:undefined:undefined:undefined":1,"s:19:2:19:Infinity":10,"s:19:13:19:Infinity":11,"s:20:2:20:Infinity":12,"s:23:31:29:Infinity":13,"f:23:31:23:38":3,"s:24:19:28:13":14,"s:29:2:29:Infinity":15,"s:32:29:38:Infinity":16,"f:32:29:32:36":4,"s:33:19:37:13":17,"s:38:2:38:Infinity":18,"s:41:29:48:Infinity":19,"f:41:29:41:36":5,"s:42:19:47:13":20,"s:48:2:48:Infinity":21,"s:51:29:56:Infinity":22,"f:51:29:51:36":6,"s:52:19:55:17":23,"s:56:2:56:Infinity":24,"s:59:29:62:Infinity":25,"f:59:29:59:41":7,"s:60:26:60:63":26,"b:61:2:61:Infinity:undefined:undefined:undefined:undefined":2,"s:61:2:61:Infinity":27,"s:61:13:61:Infinity":28,"s:62:2:62:Infinity":29,"s:65:25:67:Infinity":30,"f:65:25:65:37":8,"s:66:19:66:56":31,"s:67:2:67:Infinity":32,"s:70:28:73:Infinity":33,"f:70:28:70:35":9,"s:71:26:71:77":34,"b:72:2:72:Infinity:undefined:undefined:undefined:undefined":3,"s:72:2:72:Infinity":35,"s:72:13:72:Infinity":36,"s:73:2:73:Infinity":37,"s:76:32:79:Infinity":38,"f:76:32:76:39":10,"s:77:26:77:84":39,"b:78:2:78:Infinity:undefined:undefined:undefined:undefined":4,"s:78:2:78:Infinity":40,"s:78:13:78:Infinity":41,"s:79:2:79:Infinity":42,"s:82:34:85:Infinity":43,"f:82:34:82:41":11,"b:82:49:82:58":5,"s:83:17:83:48":44,"b:83:25:83:43:83:46:83:48":6,"s:84:19:84:69":45,"s:85:2:85:Infinity":46,"s:88:33:93:Infinity":47,"f:88:33:88:40":12,"s:89:26:91:4":48,"b:92:2:92:Infinity:undefined:undefined:undefined:undefined":7,"s:92:2:92:Infinity":49,"s:92:13:92:Infinity":50,"s:93:2:93:Infinity":51}}}
,"C:\\Users\\Jamie-I\\Documents\\jamie-cms\\client\\src\\api\\invoices.js": {"path":"C:\\Users\\Jamie-I\\Documents\\jamie-cms\\client\\src\\api\\invoices.js","statementMap":{"0":{"start":{"line":3,"column":31},"end":{"line":6,"column":null}},"1":{"start":{"line":4,"column":26},"end":{"line":4,"column":88}},"2":{"start":{"line":5,"column":2},"end":{"line":5,"column":null}},"3":{"start":{"line":5,"column":13},"end":{"line":5,"column":null}},"4":{"start":{"line":6,"column":2},"end":{"line":6,"column":null}},"5":{"start":{"line":9,"column":30},"end":{"line":14,"column":null}},"6":{"start":{"line":10,"column":29},"end":{"line":10,"column":58}},"7":{"start":{"line":11,"column":19},"end":{"line":11,"column":49}},"8":{"start":{"line":12,"column":14},"end":{"line":12,"column":53}},"9":{"start":{"line":12,"column":34},"end":{"line":12,"column":53}},"10":{"start":{"line":13,"column":2},"end":{"line":13,"column":null}},"11":{"start":{"line":13,"column":12},"end":{"line":13,"column":null}},"12":{"start":{"line":14,"column":2},"end":{"line":14,"column":null}}},"fnMap":{"0":{"name":"(anonymous_0)","decl":{"start":{"line":3,"column":31},"end":{"line":3,"column":38}},"loc":{"start":{"line":3,"column":49},"end":{"line":6,"column":null}},"line":3},"1":{"name":"(anonymous_1)","decl":{"start":{"line":9,"column":30},"end":{"line":9,"column":37}},"loc":{"start":{"line":9,"column":51},"end":{"line":14,"column":null}},"line":9},"2":{"name":"(anonymous_2)","decl":{"start":{"line":12,"column":24},"end":{"line":12,"column":29}},"loc":{"start":{"line":12,"column":34},"end":{"line":12,"column":53}},"line":12}},"branchMap":{"0":{"loc":{"start":{"line":5,"column":2},"end":{"line":5,"column":null}},"type":"if","locations":[{"start":{"line":5,"column":2},"end":{"line":5,"column":null}},{"start":{},"end":{}}],"line":5},"1":{"loc":{"start":{"line":13,"column":2},"end":{"line":13,"column":null}},"type":"if","locations":[{"start":{"line":13,"column":2},"end":{"line":13,"column":null}},{"start":{},"end":{}}],"line":13}},"s":{"0":1,"1":6,"2":6,"3":1,"4":5,"5":1,"6":3,"7":3,"8":3,"9":4,"10":3,"11":2,"12":1},"f":{"0":6,"1":3,"2":4},"b":{"0":[1,5],"1":[2,1]},"meta":{"lastBranch":2,"lastFunction":3,"lastStatement":13,"seen":{"s:3:31:6:Infinity":0,"f:3:31:3:38":0,"s:4:26:4:88":1,"b:5:2:5:Infinity:undefined:undefined:undefined:undefined":0,"s:5:2:5:Infinity":2,"s:5:13:5:Infinity":3,"s:6:2:6:Infinity":4,"s:9:30:14:Infinity":5,"f:9:30:9:37":1,"s:10:29:10:58":6,"s:11:19:11:49":7,"s:12:14:12:53":8,"f:12:24:12:29":2,"s:12:34:12:53":9,"b:13:2:13:Infinity:undefined:undefined:undefined:undefined":1,"s:13:2:13:Infinity":10,"s:13:12:13:Infinity":11,"s:14:2:14:Infinity":12}}}
,"C:\\Users\\Jamie-I\\Documents\\jamie-cms\\client\\src\\api\\subscriptions.js": {"path":"C:\\Users\\Jamie-I\\Documents\\jamie-cms\\client\\src\\api\\subscriptions.js","statementMap":{"0":{"start":{"line":3,"column":32},"end":{"line":17,"column":null}},"1":{"start":{"line":4,"column":29},"end":{"line":4,"column":58}},"2":{"start":{"line":5,"column":19},"end":{"line":9,"column":24}},"3":{"start":{"line":10,"column":8},"end":{"line":16,"column":5}},"4":{"start":{"line":10,"column":43},"end":{"line":16,"column":5}},"5":{"start":{"line":17,"column":2},"end":{"line":17,"column":null}},"6":{"start":{"line":20,"column":34},"end":{"line":33,"column":null}},"7":{"start":{"line":21,"column":29},"end":{"line":21,"column":58}},"8":{"start":{"line":22,"column":26},"end":{"line":31,"column":13}},"9":{"start":{"line":32,"column":2},"end":{"line":32,"column":null}},"10":{"start":{"line":32,"column":13},"end":{"line":32,"column":null}},"11":{"start":{"line":33,"column":2},"end":{"line":33,"column":null}},"12":{"start":{"line":36,"column":34},"end":{"line":44,"column":null}},"13":{"start":{"line":37,"column":26},"end":{"line":42,"column":13}},"14":{"start":{"line":43,"column":2},"end":{"line":43,"column":null}},"15":{"start":{"line":43,"column":13},"end":{"line":43,"column":null}},"16":{"start":{"line":44,"column":2},"end":{"line":44,"column":null}},"17":{"start":{"line":47,"column":34},"end":{"line":55,"column":null}},"18":{"start":{"line":48,"column":26},"end":{"line":53,"column":13}},"19":{"start":{"line":54,"column":2},"end":{"line":54,"column":null}},"20":{"start":{"line":54,"column":13},"end":{"line":54,"column":null}},"21":{"start":{"line":55,"column":2},"end":{"line":55,"column":null}}},"fnMap":{"0":{"name":"(anonymous_0)","decl":{"start":{"line":3,"column":32},"end":{"line":3,"column":44}},"loc":{"start":{"line":3,"column":44},"end":{"line":17,"column":null}},"line":3},"1":{"name":"(anonymous_1)","decl":{"start":{"line":10,"column":33},"end":{"line":10,"column":37}},"loc":{"start":{"line":10,"column":43},"end":{"line":16,"column":5}},"line":10},"2":{"name":"(anonymous_2)","decl":{"start":{"line":20,"column":34},"end":{"line":20,"column":41}},"loc":{"start":{"line":20,"column":97},"end":{"line":33,"column":null}},"line":20},"3":{"name":"(anonymous_3)","decl":{"start":{"line":36,"column":34},"end":{"line":36,"column":41}},"loc":{"start":{"line":36,"column":56},"end":{"line":44,"column":null}},"line":36},"4":{"name":"(anonymous_4)","decl":{"start":{"line":47,"column":34},"end":{"line":47,"column":41}},"loc":{"start":{"line":47,"column":48},"end":{"line":55,"column":null}},"line":47}},"branchMap":{"0":{"loc":{"start":{"line":10,"column":21},"end":{"line":10,"column":31}},"type":"binary-expr","locations":[{"start":{"line":10,"column":21},"end":{"line":10,"column":29}},{"start":{"line":10,"column":29},"end":{"line":10,"column":31}}],"line":10},"1":{"loc":{"start":{"line":20,"column":65},"end":{"line":20,"column":97}},"type":"default-arg","locations":[{"start":{"line":20,"column":81},"end":{"line":20,"column":97}}],"line":20},"2":{"loc":{"start":{"line":32,"column":2},"end":{"line":32,"column":null}},"type":"if","locations":[{"start":{"line":32,"column":2},"end":{"line":32,"column":null}},{"start":{},"end":{}}],"line":32},"3":{"loc":{"start":{"line":43,"column":2},"end":{"line":43,"column":null}},"type":"if","locations":[{"start":{"line":43,"column":2},"end":{"line":43,"column":null}},{"start":{},"end":{}}],"line":43},"4":{"loc":{"start":{"line":54,"column":2},"end":{"line":54,"column":null}},"type":"if","locations":[{"start":{"line":54,"column":2},"end":{"line":54,"column":null}},{"start":{},"end":{}}],"line":54}},"s":{"0":1,"1":3,"2":3,"3":3,"4":2,"5":3,"6":1,"7":4,"8":4,"9":4,"10":1,"11":3,"12":1,"13":2,"14":2,"15":1,"16":1,"17":1,"18":2,"19":2,"20":0,"21":2},"f":{"0":3,"1":2,"2":4,"3":2,"4":2},"b":{"0":[3,1],"1":[4],"2":[1,3],"3":[1,1],"4":[0,2]},"meta":{"lastBranch":5,"lastFunction":5,"lastStatement":22,"seen":{"s:3:32:17:Infinity":0,"f:3:32:3:44":0,"s:4:29:4:58":1,"s:5:19:9:24":2,"s:10:8:16:5":3,"b:10:21:10:29:10:29:10:31":0,"f:10:33:10:37":1,"s:10:43:16:5":4,"s:17:2:17:Infinity":5,"s:20:34:33:Infinity":6,"f:20:34:20:41":2,"b:20:81:20:97":1,"s:21:29:21:58":7,"s:22:26:31:13":8,"b:32:2:32:Infinity:undefined:undefined:undefined:undefined":2,"s:32:2:32:Infinity":9,"s:32:13:32:Infinity":10,"s:33:2:33:Infinity":11,"s:36:34:44:Infinity":12,"f:36:34:36:41":3,"s:37:26:42:13":13,"b:43:2:43:Infinity:undefined:undefined:undefined:undefined":3,"s:43:2:43:Infinity":14,"s:43:13:43:Infinity":15,"s:44:2:44:Infinity":16,"s:47:34:55:Infinity":17,"f:47:34:47:41":4,"s:48:26:53:13":18,"b:54:2:54:Infinity:undefined:undefined:undefined:undefined":4,"s:54:2:54:Infinity":19,"s:54:13:54:Infinity":20,"s:55:2:55:Infinity":21}}}
,"C:\\Users\\Jamie-I\\Documents\\jamie-cms\\client\\src\\components\\AdminRoute.jsx": {"path":"C:\\Users\\Jamie-I\\Documents\\jamie-cms\\client\\src\\components\\AdminRoute.jsx","statementMap":{"0":{"start":{"line":5,"column":10},"end":{"line":5,"column":33}},"1":{"start":{"line":7,"column":2},"end":{"line":7,"column":null}}},"fnMap":{"0":{"name":"AdminRoute","decl":{"start":{"line":4,"column":24},"end":{"line":4,"column":37}},"loc":{"start":{"line":4,"column":37},"end":{"line":7,"column":null}},"line":4}},"branchMap":{"0":{"loc":{"start":{"line":7,"column":9},"end":{"line":7,"column":null}},"type":"cond-expr","locations":[{"start":{"line":7,"column":34},"end":{"line":7,"column":48}},{"start":{"line":7,"column":47},"end":{"line":7,"column":null}}],"line":7}},"s":{"0":3,"1":3},"f":{"0":3},"b":{"0":[1,2]},"meta":{"lastBranch":1,"lastFunction":1,"lastStatement":2,"seen":{"f:4:24:4:37":0,"s:5:10:5:33":0,"s:7:2:7:Infinity":1,"b:7:34:7:48:7:47:7:Infinity":0}}}
,"C:\\Users\\Jamie-I\\Documents\\jamie-cms\\client\\src\\components\\CompanyRoute.jsx": {"path":"C:\\Users\\Jamie-I\\Documents\\jamie-cms\\client\\src\\components\\CompanyRoute.jsx","statementMap":{"0":{"start":{"line":5,"column":10},"end":{"line":5,"column":33}},"1":{"start":{"line":6,"column":2},"end":{"line":9,"column":null}}},"fnMap":{"0":{"name":"CompanyRoute","decl":{"start":{"line":4,"column":24},"end":{"line":4,"column":39}},"loc":{"start":{"line":4,"column":39},"end":{"line":9,"column":null}},"line":4}},"branchMap":{"0":{"loc":{"start":{"line":6,"column":9},"end":{"line":9,"column":null}},"type":"cond-expr","locations":[{"start":{"line":7,"column":4},"end":{"line":9,"column":5}},{"start":{"line":9,"column":4},"end":{"line":9,"column":null}}],"line":6},"1":{"loc":{"start":{"line":6,"column":9},"end":{"line":6,"column":null}},"type":"binary-expr","locations":[{"start":{"line":6,"column":9},"end":{"line":6,"column":37}},{"start":{"line":6,"column":37},"end":{"line":6,"column":null}}],"line":6}},"s":{"0":3,"1":3},"f":{"0":3},"b":{"0":[2,1],"1":[3,2]},"meta":{"lastBranch":2,"lastFunction":1,"lastStatement":2,"seen":{"f:4:24:4:39":0,"s:5:10:5:33":0,"s:6:2:9:Infinity":1,"b:7:4:9:5:9:4:9:Infinity":0,"b:6:9:6:37:6:37:6:Infinity":1}}}
,"C:\\Users\\Jamie-I\\Documents\\jamie-cms\\client\\src\\components\\ProtectedRoute.jsx": {"path":"C:\\Users\\Jamie-I\\Documents\\jamie-cms\\client\\src\\components\\ProtectedRoute.jsx","statementMap":{"0":{"start":{"line":5,"column":19},"end":{"line":5,"column":50}},"1":{"start":{"line":6,"column":2},"end":{"line":6,"column":null}},"2":{"start":{"line":6,"column":20},"end":{"line":6,"column":null}},"3":{"start":{"line":7,"column":2},"end":{"line":7,"column":null}}},"fnMap":{"0":{"name":"ProtectedRoute","decl":{"start":{"line":4,"column":24},"end":{"line":4,"column":41}},"loc":{"start":{"line":4,"column":41},"end":{"line":7,"column":null}},"line":4}},"branchMap":{"0":{"loc":{"start":{"line":6,"column":2},"end":{"line":6,"column":null}},"type":"if","locations":[{"start":{"line":6,"column":2},"end":{"line":6,"column":null}},{"start":{},"end":{}}],"line":6},"1":{"loc":{"start":{"line":7,"column":9},"end":{"line":7,"column":null}},"type":"cond-expr","locations":[{"start":{"line":7,"column":19},"end":{"line":7,"column":33}},{"start":{"line":7,"column":32},"end":{"line":7,"column":null}}],"line":7}},"s":{"0":3,"1":3,"2":1,"3":2},"f":{"0":3},"b":{"0":[1,2],"1":[1,1]},"meta":{"lastBranch":2,"lastFunction":1,"lastStatement":4,"seen":{"f:4:24:4:41":0,"s:5:19:5:50":0,"b:6:2:6:Infinity:undefined:undefined:undefined:undefined":0,"s:6:2:6:Infinity":1,"s:6:20:6:Infinity":2,"s:7:2:7:Infinity":3,"b:7:19:7:33:7:32:7:Infinity":1}}}
,"C:\\Users\\Jamie-I\\Documents\\jamie-cms\\client\\src\\lib\\supabase.js": {"path":"C:\\Users\\Jamie-I\\Documents\\jamie-cms\\client\\src\\lib\\supabase.js","statementMap":{"0":{"start":{"line":3,"column":20},"end":{"line":3,"column":null}},"1":{"start":{"line":4,"column":24},"end":{"line":4,"column":null}},"2":{"start":{"line":6,"column":0},"end":{"line":7,"column":null}},"3":{"start":{"line":7,"column":2},"end":{"line":7,"column":null}},"4":{"start":{"line":10,"column":13},"end":{"line":10,"column":66}}},"fnMap":{},"branchMap":{"0":{"loc":{"start":{"line":6,"column":0},"end":{"line":7,"column":null}},"type":"if","locations":[{"start":{"line":6,"column":0},"end":{"line":7,"column":null}},{"start":{},"end":{}}],"line":6},"1":{"loc":{"start":{"line":6,"column":4},"end":{"line":6,"column":38}},"type":"binary-expr","locations":[{"start":{"line":6,"column":4},"end":{"line":6,"column":20}},{"start":{"line":6,"column":20},"end":{"line":6,"column":38}}],"line":6}},"s":{"0":1,"1":1,"2":1,"3":0,"4":1},"f":{},"b":{"0":[0,1],"1":[1,1]},"meta":{"lastBranch":2,"lastFunction":0,"lastStatement":5,"seen":{"s:3:20:3:Infinity":0,"s:4:24:4:Infinity":1,"b:6:0:7:Infinity:undefined:undefined:undefined:undefined":0,"s:6:0:7:Infinity":2,"b:6:4:6:20:6:20:6:38":1,"s:7:2:7:Infinity":3,"s:10:13:10:66":4}}}
,"C:\\Users\\Jamie-I\\Documents\\jamie-cms\\client\\src\\store\\authStore.js": {"path":"C:\\Users\\Jamie-I\\Documents\\jamie-cms\\client\\src\\store\\authStore.js","statementMap":{"0":{"start":{"line":4,"column":22},"end":{"line":4,"column":null}},"1":{"start":{"line":5,"column":24},"end":{"line":5,"column":null}},"2":{"start":{"line":7,"column":22},"end":{"line":7,"column":null}},"3":{"start":{"line":9,"column":6},"end":{"line":9,"column":59}},"4":{"start":{"line":9,"column":30},"end":{"line":9,"column":59}},"5":{"start":{"line":11,"column":6},"end":{"line":16,"column":null}},"6":{"start":{"line":12,"column":2},"end":{"line":12,"column":null}},"7":{"start":{"line":13,"column":2},"end":{"line":16,"column":null}},"8":{"start":{"line":14,"column":4},"end":{"line":16,"column":null}},"9":{"start":{"line":15,"column":6},"end":{"line":15,"column":null}},"10":{"start":{"line":20,"column":13},"end":{"line":29,"column":3}},"11":{"start":{"line":20,"column":45},"end":{"line":29,"column":3}},"12":{"start":{"line":24,"column":21},"end":{"line":24,"column":34}},"13":{"start":{"line":26,"column":4},"end":{"line":26,"column":null}},"14":{"start":{"line":27,"column":4},"end":{"line":27,"column":null}},"15":{"start":{"line":31,"column":0},"end":{"line":78,"column":null}},"16":{"start":{"line":32,"column":2},"end":{"line":76,"column":null}},"17":{"start":{"line":33,"column":4},"end":{"line":33,"column":null}},"18":{"start":{"line":36,"column":4},"end":{"line":38,"column":null}},"19":{"start":{"line":37,"column":6},"end":{"line":37,"column":68}},"20":{"start":{"line":39,"column":4},"end":{"line":39,"column":null}},"21":{"start":{"line":42,"column":4},"end":{"line":69,"column":null}},"22":{"start":{"line":43,"column":6},"end":{"line":67,"column":null}},"23":{"start":{"line":44,"column":35},"end":{"line":48,"column":19}},"24":{"start":{"line":49,"column":8},"end":{"line":57,"column":null}},"25":{"start":{"line":59,"column":8},"end":{"line":67,"column":null}},"26":{"start":{"line":72,"column":4},"end":{"line":72,"column":null}},"27":{"start":{"line":73,"column":4},"end":{"line":75,"column":null}},"28":{"start":{"line":74,"column":6},"end":{"line":74,"column":52}},"29":{"start":{"line":76,"column":4},"end":{"line":76,"column":null}}},"fnMap":{"0":{"name":"(anonymous_0)","decl":{"start":{"line":9,"column":6},"end":{"line":9,"column":30}},"loc":{"start":{"line":9,"column":30},"end":{"line":9,"column":59}},"line":9},"1":{"name":"(anonymous_1)","decl":{"start":{"line":11,"column":6},"end":{"line":11,"column":30}},"loc":{"start":{"line":11,"column":30},"end":{"line":16,"column":null}},"line":11},"2":{"name":"(anonymous_2)","decl":{"start":{"line":14,"column":33},"end":{"line":14,"column":45}},"loc":{"start":{"line":14,"column":45},"end":{"line":16,"column":21}},"line":14},"3":{"name":"(anonymous_3)","decl":{"start":{"line":20,"column":28},"end":{"line":20,"column":36}},"loc":{"start":{"line":20,"column":45},"end":{"line":29,"column":3}},"line":20},"4":{"name":"(anonymous_4)","decl":{"start":{"line":24,"column":2},"end":{"line":24,"column":12}},"loc":{"start":{"line":24,"column":21},"end":{"line":24,"column":34}},"line":24},"5":{"name":"(anonymous_5)","decl":{"start":{"line":25,"column":10},"end":{"line":25,"column":22}},"loc":{"start":{"line":25,"column":22},"end":{"line":27,"column":null}},"line":25},"6":{"name":"(anonymous_6)","decl":{"start":{"line":31,"column":14},"end":{"line":31,"column":33}},"loc":{"start":{"line":31,"column":52},"end":{"line":78,"column":null}},"line":31},"7":{"name":"(anonymous_7)","decl":{"start":{"line":36,"column":20},"end":{"line":36,"column":28}},"loc":{"start":{"line":37,"column":6},"end":{"line":37,"column":68}},"line":37},"8":{"name":"(anonymous_8)","decl":{"start":{"line":42,"column":15},"end":{"line":42,"column":27}},"loc":{"start":{"line":42,"column":27},"end":{"line":69,"column":9}},"line":42},"9":{"name":"(anonymous_9)","decl":{"start":{"line":73,"column":20},"end":{"line":73,"column":28}},"loc":{"start":{"line":74,"column":6},"end":{"line":74,"column":52}},"line":74}},"branchMap":{"0":{"loc":{"start":{"line":13,"column":2},"end":{"line":16,"column":null}},"type":"if","locations":[{"start":{"line":13,"column":2},"end":{"line":16,"column":null}},{"start":{},"end":{}}],"line":13},"1":{"loc":{"start":{"line":32,"column":2},"end":{"line":76,"column":null}},"type":"if","locations":[{"start":{"line":32,"column":2},"end":{"line":76,"column":null}},{"start":{"line":70,"column":9},"end":{"line":76,"column":null}}],"line":32},"2":{"loc":{"start":{"line":50,"column":16},"end":{"line":55,"column":null}},"type":"binary-expr","locations":[{"start":{"line":50,"column":16},"end":{"line":50,"column":28}},{"start":{"line":50,"column":28},"end":{"line":55,"column":null}}],"line":50},"3":{"loc":{"start":{"line":53,"column":22},"end":{"line":53,"column":null}},"type":"binary-expr","locations":[{"start":{"line":53,"column":22},"end":{"line":53,"column":58}},{"start":{"line":53,"column":58},"end":{"line":53,"column":99}},{"start":{"line":53,"column":99},"end":{"line":53,"column":136}},{"start":{"line":53,"column":136},"end":{"line":53,"column":null}}],"line":53},"4":{"loc":{"start":{"line":63,"column":22},"end":{"line":63,"column":null}},"type":"binary-expr","locations":[{"start":{"line":63,"column":22},"end":{"line":63,"column":58}},{"start":{"line":63,"column":58},"end":{"line":63,"column":99}},{"start":{"line":63,"column":99},"end":{"line":63,"column":136}},{"start":{"line":63,"column":136},"end":{"line":63,"column":null}}],"line":63}},"s":{"0":1,"1":1,"2":1,"3":1,"4":1,"5":1,"6":0,"7":0,"8":0,"9":0,"10":1,"11":1,"12":0,"13":0,"14":0,"15":1,"16":1,"17":0,"18":0,"19":0,"20":0,"21":0,"22":0,"23":0,"24":0,"25":0,"26":1,"27":1,"28":5,"29":1},"f":{"0":1,"1":0,"2":0,"3":1,"4":0,"5":0,"6":1,"7":0,"8":0,"9":5},"b":{"0":[0,0],"1":[0,1],"2":[0,0],"3":[0,0,0,0],"4":[0,0,0,0]},"meta":{"lastBranch":5,"lastFunction":10,"lastStatement":30,"seen":{"s:4:22:4:Infinity":0,"s:5:24:5:Infinity":1,"s:7:22:7:Infinity":2,"s:9:6:9:59":3,"f:9:6:9:30":0,"s:9:30:9:59":4,"s:11:6:16:Infinity":5,"f:11:6:11:30":1,"s:12:2:12:Infinity":6,"b:13:2:16:Infinity:undefined:undefined:undefined:undefined":0,"s:13:2:16:Infinity":7,"s:14:4:16:Infinity":8,"f:14:33:14:45":2,"s:15:6:15:Infinity":9,"s:20:13:29:3":10,"f:20:28:20:36":3,"s:20:45:29:3":11,"f:24:2:24:12":4,"s:24:21:24:34":12,"f:25:10:25:22":5,"s:26:4:26:Infinity":13,"s:27:4:27:Infinity":14,"s:31:0:78:Infinity":15,"f:31:14:31:33":6,"b:32:2:76:Infinity:70:9:76:Infinity":1,"s:32:2:76:Infinity":16,"s:33:4:33:Infinity":17,"s:36:4:38:Infinity":18,"f:36:20:36:28":7,"s:37:6:37:68":19,"s:39:4:39:Infinity":20,"s:42:4:69:Infinity":21,"f:42:15:42:27":8,"s:43:6:67:Infinity":22,"s:44:35:48:19":23,"s:49:8:57:Infinity":24,"b:50:16:50:28:50:28:55:Infinity":2,"b:53:22:53:58:53:58:53:99:53:99:53:136:53:136:53:Infinity":3,"s:59:8:67:Infinity":25,"b:63:22:63:58:63:58:63:99:63:99:63:136:63:136:63:Infinity":4,"s:72:4:72:Infinity":26,"s:73:4:75:Infinity":27,"f:73:20:73:28":9,"s:74:6:74:52":28,"s:76:4:76:Infinity":29}}}
,"C:\\Users\\Jamie-I\\Documents\\jamie-cms\\client\\src\\utils\\chartUtils.js": {"path":"C:\\Users\\Jamie-I\\Documents\\jamie-cms\\client\\src\\utils\\chartUtils.js","statementMap":{"0":{"start":{"line":2,"column":14},"end":{"line":2,"column":24}},"1":{"start":{"line":3,"column":14},"end":{"line":3,"column":16}},"2":{"start":{"line":4,"column":2},"end":{"line":7,"column":null}},"3":{"start":{"line":4,"column":15},"end":{"line":4,"column":18}},"4":{"start":{"line":5,"column":14},"end":{"line":5,"column":64}},"5":{"start":{"line":6,"column":16},"end":{"line":6,"column":null}},"6":{"start":{"line":7,"column":4},"end":{"line":7,"column":null}},"7":{"start":{"line":9,"column":2},"end":{"line":9,"column":null}},"8":{"start":{"line":17,"column":14},"end":{"line":17,"column":32}},"9":{"start":{"line":18,"column":2},"end":{"line":22,"column":null}},"10":{"start":{"line":18,"column":33},"end":{"line":18,"column":55}},"11":{"start":{"line":19,"column":14},"end":{"line":19,"column":37}},"12":{"start":{"line":20,"column":16},"end":{"line":20,"column":null}},"13":{"start":{"line":21,"column":4},"end":{"line":21,"column":null}},"14":{"start":{"line":21,"column":18},"end":{"line":21,"column":null}},"15":{"start":{"line":23,"column":2},"end":{"line":23,"column":null}},"16":{"start":{"line":31,"column":14},"end":{"line":31,"column":32}},"17":{"start":{"line":32,"column":2},"end":{"line":36,"column":null}},"18":{"start":{"line":32,"column":32},"end":{"line":32,"column":55}},"19":{"start":{"line":33,"column":14},"end":{"line":33,"column":37}},"20":{"start":{"line":34,"column":16},"end":{"line":34,"column":null}},"21":{"start":{"line":35,"column":4},"end":{"line":35,"column":null}},"22":{"start":{"line":35,"column":18},"end":{"line":35,"column":null}},"23":{"start":{"line":37,"column":2},"end":{"line":37,"column":null}}},"fnMap":{"0":{"name":"buildMonthlyBase","decl":{"start":{"line":1,"column":9},"end":{"line":1,"column":28}},"loc":{"start":{"line":1,"column":28},"end":{"line":9,"column":null}},"line":1},"1":{"name":"buildMonthlyChart","decl":{"start":{"line":16,"column":16},"end":{"line":16,"column":34}},"loc":{"start":{"line":16,"column":44},"end":{"line":23,"column":null}},"line":16},"2":{"name":"(anonymous_2)","decl":{"start":{"line":18,"column":19},"end":{"line":18,"column":26}},"loc":{"start":{"line":18,"column":33},"end":{"line":18,"column":55}},"line":18},"3":{"name":"(anonymous_3)","decl":{"start":{"line":18,"column":56},"end":{"line":18,"column":64}},"loc":{"start":{"line":18,"column":71},"end":{"line":22,"column":null}},"line":18},"4":{"name":"buildMonthlyTransferChart","decl":{"start":{"line":30,"column":16},"end":{"line":30,"column":42}},"loc":{"start":{"line":30,"column":53},"end":{"line":37,"column":null}},"line":30},"5":{"name":"(anonymous_5)","decl":{"start":{"line":32,"column":20},"end":{"line":32,"column":27}},"loc":{"start":{"line":32,"column":32},"end":{"line":32,"column":55}},"line":32},"6":{"name":"(anonymous_6)","decl":{"start":{"line":32,"column":56},"end":{"line":32,"column":64}},"loc":{"start":{"line":32,"column":69},"end":{"line":36,"column":null}},"line":32}},"branchMap":{"0":{"loc":{"start":{"line":18,"column":3},"end":{"line":18,"column":17}},"type":"binary-expr","locations":[{"start":{"line":18,"column":3},"end":{"line":18,"column":15}},{"start":{"line":18,"column":15},"end":{"line":18,"column":17}}],"line":18},"1":{"loc":{"start":{"line":21,"column":4},"end":{"line":21,"column":null}},"type":"if","locations":[{"start":{"line":21,"column":4},"end":{"line":21,"column":null}},{"start":{},"end":{}}],"line":21},"2":{"loc":{"start":{"line":32,"column":3},"end":{"line":32,"column":18}},"type":"binary-expr","locations":[{"start":{"line":32,"column":3},"end":{"line":32,"column":16}},{"start":{"line":32,"column":16},"end":{"line":32,"column":18}}],"line":32},"3":{"loc":{"start":{"line":35,"column":4},"end":{"line":35,"column":null}},"type":"if","locations":[{"start":{"line":35,"column":4},"end":{"line":35,"column":null}},{"start":{},"end":{}}],"line":35},"4":{"loc":{"start":{"line":35,"column":44},"end":{"line":35,"column":58}},"type":"binary-expr","locations":[{"start":{"line":35,"column":44},"end":{"line":35,"column":56}},{"start":{"line":35,"column":56},"end":{"line":35,"column":58}}],"line":35}},"s":{"0":9,"1":9,"2":9,"3":9,"4":54,"5":54,"6":54,"7":9,"8":7,"9":7,"10":5,"11":3,"12":3,"13":3,"14":2,"15":7,"16":2,"17":2,"18":2,"19":1,"20":1,"21":1,"22":1,"23":2},"f":{"0":9,"1":7,"2":5,"3":3,"4":2,"5":2,"6":1},"b":{"0":[7,0],"1":[2,1],"2":[2,0],"3":[1,0],"4":[1,0]},"meta":{"lastBranch":5,"lastFunction":7,"lastStatement":24,"seen":{"f:1:9:1:28":0,"s:2:14:2:24":0,"s:3:14:3:16":1,"s:4:2:7:Infinity":2,"s:4:15:4:18":3,"s:5:14:5:64":4,"s:6:16:6:Infinity":5,"s:7:4:7:Infinity":6,"s:9:2:9:Infinity":7,"f:16:16:16:34":1,"s:17:14:17:32":8,"s:18:2:22:Infinity":9,"b:18:3:18:15:18:15:18:17":0,"f:18:19:18:26":2,"s:18:33:18:55":10,"f:18:56:18:64":3,"s:19:14:19:37":11,"s:20:16:20:Infinity":12,"b:21:4:21:Infinity:undefined:undefined:undefined:undefined":1,"s:21:4:21:Infinity":13,"s:21:18:21:Infinity":14,"s:23:2:23:Infinity":15,"f:30:16:30:42":4,"s:31:14:31:32":16,"s:32:2:36:Infinity":17,"b:32:3:32:16:32:16:32:18":2,"f:32:20:32:27":5,"s:32:32:32:55":18,"f:32:56:32:64":6,"s:33:14:33:37":19,"s:34:16:34:Infinity":20,"b:35:4:35:Infinity:undefined:undefined:undefined:undefined":3,"s:35:4:35:Infinity":21,"s:35:18:35:Infinity":22,"b:35:44:35:56:35:56:35:58":4,"s:37:2:37:Infinity":23}}}
,"C:\\Users\\Jamie-I\\Documents\\jamie-cms\\client\\src\\utils\\commissionUtils.js": {"path":"C:\\Users\\Jamie-I\\Documents\\jamie-cms\\client\\src\\utils\\commissionUtils.js","statementMap":{"0":{"start":{"line":8,"column":21},"end":{"line":8,"column":59}},"1":{"start":{"line":9,"column":17},"end":{"line":9,"column":45}},"2":{"start":{"line":10,"column":14},"end":{"line":10,"column":null}},"3":{"start":{"line":11,"column":2},"end":{"line":11,"column":null}}},"fnMap":{"0":{"name":"calculateCommission","decl":{"start":{"line":7,"column":16},"end":{"line":7,"column":36}},"loc":{"start":{"line":7,"column":55},"end":{"line":11,"column":null}},"line":7}},"branchMap":{},"s":{"0":5,"1":5,"2":5,"3":5},"f":{"0":5},"b":{},"meta":{"lastBranch":0,"lastFunction":1,"lastStatement":4,"seen":{"f:7:16:7:36":0,"s:8:21:8:59":0,"s:9:17:9:45":1,"s:10:14:10:Infinity":2,"s:11:2:11:Infinity":3}}}
,"C:\\Users\\Jamie-I\\Documents\\jamie-cms\\client\\src\\utils\\transactionUtils.js": {"path":"C:\\Users\\Jamie-I\\Documents\\jamie-cms\\client\\src\\utils\\transactionUtils.js","statementMap":{"0":{"start":{"line":7,"column":17},"end":{"line":7,"column":19}},"1":{"start":{"line":9,"column":2},"end":{"line":14,"column":null}},"2":{"start":{"line":10,"column":14},"end":{"line":10,"column":67}},"3":{"start":{"line":11,"column":16},"end":{"line":11,"column":97}},"4":{"start":{"line":12,"column":4},"end":{"line":12,"column":null}},"5":{"start":{"line":12,"column":22},"end":{"line":12,"column":null}},"6":{"start":{"line":13,"column":4},"end":{"line":13,"column":null}},"7":{"start":{"line":16,"column":2},"end":{"line":16,"column":null}}},"fnMap":{"0":{"name":"groupByDate","decl":{"start":{"line":6,"column":16},"end":{"line":6,"column":28}},"loc":{"start":{"line":6,"column":42},"end":{"line":16,"column":null}},"line":6},"1":{"name":"(anonymous_1)","decl":{"start":{"line":9,"column":23},"end":{"line":9,"column":31}},"loc":{"start":{"line":9,"column":36},"end":{"line":14,"column":null}},"line":9}},"branchMap":{"0":{"loc":{"start":{"line":9,"column":3},"end":{"line":9,"column":21}},"type":"binary-expr","locations":[{"start":{"line":9,"column":3},"end":{"line":9,"column":19}},{"start":{"line":9,"column":19},"end":{"line":9,"column":21}}],"line":9},"1":{"loc":{"start":{"line":10,"column":23},"end":{"line":10,"column":66}},"type":"binary-expr","locations":[{"start":{"line":10,"column":23},"end":{"line":10,"column":39}},{"start":{"line":10,"column":39},"end":{"line":10,"column":56}},{"start":{"line":10,"column":56},"end":{"line":10,"column":66}}],"line":10},"2":{"loc":{"start":{"line":12,"column":4},"end":{"line":12,"column":null}},"type":"if","locations":[{"start":{"line":12,"column":4},"end":{"line":12,"column":null}},{"start":{},"end":{}}],"line":12}},"s":{"0":7,"1":7,"2":8,"3":8,"4":8,"5":5,"6":8,"7":7},"f":{"0":7,"1":8},"b":{"0":[7,2],"1":[8,0,0],"2":[5,3]},"meta":{"lastBranch":3,"lastFunction":2,"lastStatement":8,"seen":{"f:6:16:6:28":0,"s:7:17:7:19":0,"s:9:2:14:Infinity":1,"b:9:3:9:19:9:19:9:21":0,"f:9:23:9:31":1,"s:10:14:10:67":2,"b:10:23:10:39:10:39:10:56:10:56:10:66":1,"s:11:16:11:97":3,"b:12:4:12:Infinity:undefined:undefined:undefined:undefined":2,"s:12:4:12:Infinity":4,"s:12:22:12:Infinity":5,"s:13:4:13:Infinity":6,"s:16:2:16:Infinity":7}}}
}
